[+] Containers:
 |- [+] Container: /Game/BoxingFightStyle/Maps/ThirdPersonMap
 |   |- [+] ActorDescs:
 |   |   |- Guid:00FBA02A4D7656E94D9649B9F342968D BaseClass: NativeClass:/Script/Engine.SkeletalMeshActor Name:SkeletalMeshActor_UAID_B00CD162E1E7315902_1489095112 Label:Anim_Combo10 SpatiallyLoaded:1 Bounds:IsValid=true, Min=(X=872.154 Y=1554.241 Z=0.432), Max=(X=929.161 Y=1654.026 Z=168.926) RuntimeGrid:None EditorOnly:0 RuntimeOnly:0 HLODRelevant:0
 |   |   |- Guid:09EEC8504780E08D60709586CB50612F BaseClass: NativeClass:/Script/Engine.SkyLight Name:SkyLight_UAID_B00CD162E1E7AB5502_1395518352 Label:SkyLight SpatiallyLoaded:0 Bounds:IsValid=true, Min=(X=0.000 Y=0.000 Z=0.000), Max=(X=0.000 Y=0.000 Z=0.000) RuntimeGrid:None EditorOnly:0 RuntimeOnly:0 HLODRelevant:0
 |   |   |- Guid:1023B0984209669561616BAD1347705D BaseClass: NativeClass:/Script/Engine.SkeletalMeshActor Name:SkeletalMeshActor_UAID_B00CD162E1E7315902_1531772126 Label:Anim_Combo24 SpatiallyLoaded:1 Bounds:IsValid=true, Min=(X=1680.777 Y=3044.729 Z=-0.288), Max=(X=1739.549 Y=3146.014 Z=121.712) RuntimeGrid:None EditorOnly:0 RuntimeOnly:0 HLODRelevant:0
 |   |   |- Guid:1AF842CE4652CD3D78DCDE908D4829A6 BaseClass: NativeClass:/Script/Engine.SkeletalMeshActor Name:SkeletalMeshActor_UAID_B00CD162E1E7315902_1494982114 Label:Anim_Combo12 SpatiallyLoaded:1 Bounds:IsValid=true, Min=(X=1672.154 Y=1554.243 Z=0.435), Max=(X=1729.161 Y=1654.028 Z=168.926) RuntimeGrid:None EditorOnly:0 RuntimeOnly:0 HLODRelevant:0
 |   |   |- Guid:1C1A87AC41F7399818F9E0BF761338C6 BaseClass: NativeClass:/Script/Engine.SkeletalMeshActor Name:SkeletalMeshActor_UAID_B00CD162E1E7315902_1514612121 Label:Anim_Combo19 SpatiallyLoaded:1 Bounds:IsValid=true, Min=(X=1270.487 Y=2544.745 Z=-0.296), Max=(X=1329.297 Y=2646.014 Z=121.715) RuntimeGrid:None EditorOnly:0 RuntimeOnly:0 HLODRelevant:0
 |   |   |- Guid:1E603ADD47B8CC9CB9A8408651517E7D BaseClass: NativeClass:/Script/Engine.SkeletalMeshActor Name:SkeletalMeshActor_UAID_B00CD162E1E7315902_1447798106 Label:Anim_Combo04 SpatiallyLoaded:1 Bounds:IsValid=true, Min=(X=1672.154 Y=554.241 Z=0.432), Max=(X=1729.161 Y=654.025 Z=168.926) RuntimeGrid:None EditorOnly:0 RuntimeOnly:0 HLODRelevant:0
 |   |   |- Guid:20E289A14CC7E766704BDAA0B0F69495 BaseClass: NativeClass:/Script/Engine.SkeletalMeshActor Name:SkeletalMeshActor_UAID_B00CD162E1E7315902_1438039103 Label:Anim_Combo01 SpatiallyLoaded:1 Bounds:IsValid=true, Min=(X=470.828 Y=554.234 Z=0.437), Max=(X=527.853 Y=654.277 Z=168.925) RuntimeGrid:None EditorOnly:0 RuntimeOnly:0 HLODRelevant:0
 |   |   |- Guid:21369D65467DD433E27941BCA67E926F BaseClass: NativeClass:/Script/Engine.SkeletalMeshActor Name:SkeletalMeshActor_UAID_B00CD162E1E7315902_1501870116 Label:Anim_Combo14 SpatiallyLoaded:1 Bounds:IsValid=true, Min=(X=882.155 Y=2064.242 Z=0.432), Max=(X=939.161 Y=2164.024 Z=168.926) RuntimeGrid:None EditorOnly:0 RuntimeOnly:0 HLODRelevant:0
 |   |   |- Guid:358C1E00440ADDC0AAD6679848D8C6F2 BaseClass: NativeClass:/Script/Engine.SkeletalMeshActor Name:SkeletalMeshActor_UAID_B00CD162E1E7315902_1539250128 Label:Anim_Combo26 SpatiallyLoaded:1 Bounds:IsValid=true, Min=(X=870.776 Y=3544.729 Z=-0.289), Max=(X=929.549 Y=3646.015 Z=121.712) RuntimeGrid:None EditorOnly:0 RuntimeOnly:0 HLODRelevant:0
 |   |   |- Guid:36D66B85461DE5359631D5B5370CE8B0 BaseClass: NativeClass:/Script/Engine.ExponentialHeightFog Name:ExponentialHeightFog_UAID_B00CD162E1E7AB5502_1397099356 Label:ExponentialHeightFog SpatiallyLoaded:0 Bounds:IsValid=true, Min=(X=0.000 Y=0.000 Z=0.000), Max=(X=0.000 Y=0.000 Z=0.000) RuntimeGrid:None EditorOnly:0 RuntimeOnly:0 HLODRelevant:0
 |   |   |- Guid:3A00AA1C422CE54C0BDB60BAF471BFBB BaseClass: NativeClass:/Script/Engine.PlayerStart Name:PlayerStart_0 Label:PlayerStart SpatiallyLoaded:0 Bounds:IsValid=true, Min=(X=860.000 Y=1070.000 Z=0.013), Max=(X=940.000 Y=1150.000 Z=184.013) RuntimeGrid:None EditorOnly:0 RuntimeOnly:0 HLODRelevant:0
 |   |   |- Guid:506E3BF340CBC2718325F38950123B49 BaseClass: NativeClass:/Script/Engine.SkyAtmosphere Name:SkyAtmosphere_UAID_B00CD162E1E7AB5502_1396199354 Label:SkyAtmosphere SpatiallyLoaded:0 Bounds:IsValid=true, Min=(X=0.000 Y=0.000 Z=0.000), Max=(X=0.000 Y=0.000 Z=0.000) RuntimeGrid:None EditorOnly:0 RuntimeOnly:0 HLODRelevant:0
 |   |   |- Guid:57036DBE46DFD6FAE36454A1C2447174 BaseClass: NativeClass:/Script/Engine.SkeletalMeshActor Name:SkeletalMeshActor_UAID_B00CD162E1E7315902_1471075109 Label:Anim_Combo07 SpatiallyLoaded:1 Bounds:IsValid=true, Min=(X=1270.828 Y=1064.234 Z=0.437), Max=(X=1327.851 Y=1164.278 Z=168.925) RuntimeGrid:None EditorOnly:0 RuntimeOnly:0 HLODRelevant:0
 |   |   |- Guid:597614304B9E4B33DCDD908453E0889D BaseClass: NativeClass:/Script/Engine.VolumetricCloud Name:VolumetricCloud_UAID_B00CD162E1E7AB5502_1396543355 Label:VolumetricCloud SpatiallyLoaded:0 Bounds:IsValid=true, Min=(X=0.000 Y=0.000 Z=0.000), Max=(X=0.000 Y=0.000 Z=0.000) RuntimeGrid:None EditorOnly:0 RuntimeOnly:0 HLODRelevant:0
 |   |   |- Guid:5B97F4A64FB21F77EFC44386BF705B4C BaseClass: NativeClass:/Script/Engine.TextRenderActor Name:TextRenderActor_1 Label:TextRenderActor SpatiallyLoaded:1 Bounds:IsValid=true, Min=(X=-0.100 Y=1100.000 Z=65.013), Max=(X=-0.100 Y=2392.308 Z=215.013) RuntimeGrid:None EditorOnly:0 RuntimeOnly:0 HLODRelevant:0
 |   |   |- Guid:64A565E047CE103FA52FCFAD30077F12 BaseClass: NativeClass:/Script/Engine.SkeletalMeshActor Name:SkeletalMeshActor_UAID_B00CD162E1E7315902_1466300107 Label:Anim_Combo05 SpatiallyLoaded:1 Bounds:IsValid=true, Min=(X=470.828 Y=1054.234 Z=0.437), Max=(X=527.853 Y=1154.277 Z=168.925) RuntimeGrid:None EditorOnly:0 RuntimeOnly:0 HLODRelevant:0
 |   |   |- Guid:6BAF4DDD444C60371492D3919DB42C97 BaseClass: NativeClass:/Script/Engine.WorldDataLayers Name:WorldDataLayers Label:WorldDataLayers SpatiallyLoaded:0 Bounds:IsValid=true, Min=(X=0.000 Y=0.000 Z=0.000), Max=(X=0.000 Y=0.000 Z=0.000) RuntimeGrid:None EditorOnly:0 RuntimeOnly:0 HLODRelevant:0
 |   |   |- Guid:6C5CCF774A40337CE14ED590D0681E65 BaseClass: NativeClass:/Script/Engine.DirectionalLight Name:DirectionalLight_UAID_B00CD162E1E7AB5502_1395856353 Label:DirectionalLight SpatiallyLoaded:0 Bounds:IsValid=true, Min=(X=-4398046511104.000 Y=-4398046511104.000 Z=-4398046511104.000), Max=(X=4398046511104.000 Y=4398046511104.000 Z=4398046511104.000) RuntimeGrid:None EditorOnly:0 RuntimeOnly:0 HLODRelevant:0
 |   |   |- Guid:767410534F27A02CBCB5B99478D5A92C BaseClass: NativeClass:/Script/Engine.SkeletalMeshActor Name:SkeletalMeshActor_UAID_B00CD162E1E7315902_1512461120 Label:Anim_Combo18 SpatiallyLoaded:1 Bounds:IsValid=true, Min=(X=872.155 Y=2554.238 Z=0.431), Max=(X=929.158 Y=2654.024 Z=168.926) RuntimeGrid:None EditorOnly:0 RuntimeOnly:0 HLODRelevant:0
 |   |   |- Guid:8BEFE8F9437A9F9478DAF99AF06D7B98 BaseClass: NativeClass:/Script/Engine.SkeletalMeshActor Name:SkeletalMeshActor_UAID_B00CD162E1E7315902_1527208124 Label:Anim_Combo22 SpatiallyLoaded:1 Bounds:IsValid=true, Min=(X=870.777 Y=3044.729 Z=-0.288), Max=(X=929.549 Y=3146.015 Z=121.711) RuntimeGrid:None EditorOnly:0 RuntimeOnly:0 HLODRelevant:0
 |   |   |- Guid:8C0D02AC40A6644277A266B64EE5A9B8 BaseClass: NativeClass:/Script/Engine.SkeletalMeshActor Name:SkeletalMeshActor_UAID_B00CD162E1E7315902_1499371115 Label:Anim_Combo13 SpatiallyLoaded:1 Bounds:IsValid=true, Min=(X=470.828 Y=2054.234 Z=0.437), Max=(X=527.853 Y=2154.276 Z=168.925) RuntimeGrid:None EditorOnly:0 RuntimeOnly:0 HLODRelevant:0
 |   |   |- Guid:8D166C8B4626E6A5E5688E965CCD4D22 BaseClass: NativeClass:/Script/Engine.SkeletalMeshActor Name:SkeletalMeshActor_UAID_B00CD162E1E7315902_1442546104 Label:Anim_Combo02 SpatiallyLoaded:1 Bounds:IsValid=true, Min=(X=872.155 Y=564.240 Z=0.431), Max=(X=929.157 Y=664.023 Z=168.926) RuntimeGrid:None EditorOnly:0 RuntimeOnly:0 HLODRelevant:0
 |   |   |- Guid:AABA632E46B9A1093A3EDDBF0BE695ED BaseClass: NativeClass:/Script/Engine.SkeletalMeshActor Name:SkeletalMeshActor_UAID_B00CD162E1E7315902_1506003118 Label:Anim_Combo16 SpatiallyLoaded:1 Bounds:IsValid=true, Min=(X=1672.154 Y=2054.242 Z=0.432), Max=(X=1729.161 Y=2154.025 Z=168.924) RuntimeGrid:None EditorOnly:0 RuntimeOnly:0 HLODRelevant:0
 |   |   |- Guid:B078AA5A440358EFC7364D9AE8DDE14D BaseClass: NativeClass:/Script/Engine.SkeletalMeshActor Name:SkeletalMeshActor_UAID_B00CD162E1E7315902_1477076111 Label:Anim_Combo09 SpatiallyLoaded:1 Bounds:IsValid=true, Min=(X=470.828 Y=1544.234 Z=0.437), Max=(X=527.851 Y=1644.278 Z=168.925) RuntimeGrid:None EditorOnly:0 RuntimeOnly:0 HLODRelevant:0
 |   |   |- Guid:B632A4D2444638579B5C89BA5839362D BaseClass: NativeClass:/Script/Engine.SkeletalMeshActor Name:SkeletalMeshActor_UAID_B00CD162E1E7315902_1503725117 Label:Anim_Combo15 SpatiallyLoaded:1 Bounds:IsValid=true, Min=(X=1270.828 Y=2054.234 Z=0.437), Max=(X=1327.854 Y=2154.277 Z=168.924) RuntimeGrid:None EditorOnly:0 RuntimeOnly:0 HLODRelevant:0
 |   |   |- Guid:BBC99BDF4971FCE66D26B5A1D70F5EDE BaseClass: NativeClass:/Script/Engine.SkeletalMeshActor Name:SkeletalMeshActor_UAID_B00CD162E1E7315902_1537145127 Label:Anim_Combo25 SpatiallyLoaded:1 Bounds:IsValid=true, Min=(X=470.488 Y=3544.745 Z=-0.297), Max=(X=529.297 Y=3646.013 Z=121.715) RuntimeGrid:None EditorOnly:0 RuntimeOnly:0 HLODRelevant:0
 |   |   |- Guid:BDEA95304FECB0E1B91319B4DB326E2A BaseClass: NativeClass:/Script/Engine.SkeletalMeshActor Name:SkeletalMeshActor_UAID_B00CD162E1E7315902_1522616123 Label:Anim_Combo21 SpatiallyLoaded:1 Bounds:IsValid=true, Min=(X=470.488 Y=3044.745 Z=-0.297), Max=(X=529.297 Y=3146.014 Z=121.715) RuntimeGrid:None EditorOnly:0 RuntimeOnly:0 HLODRelevant:0
 |   |   |- Guid:BEB549284E2F5B31B43D1C85E0FCBF26 BaseClass: NativeClass:/Script/Engine.SkeletalMeshActor Name:SkeletalMeshActor_UAID_B00CD162E1E7315902_1492713113 Label:Anim_Combo11 SpatiallyLoaded:1 Bounds:IsValid=true, Min=(X=1270.828 Y=1564.235 Z=0.437), Max=(X=1327.851 Y=1664.278 Z=168.925) RuntimeGrid:None EditorOnly:0 RuntimeOnly:0 HLODRelevant:0
 |   |   |- Guid:C91D196B4D05AA5D2E12A1B42AD82C1E BaseClass: NativeClass:/Script/Engine.SkeletalMeshActor Name:SkeletalMeshActor_UAID_B00CD162E1E7315902_1529497125 Label:Anim_Combo23 SpatiallyLoaded:1 Bounds:IsValid=true, Min=(X=1270.488 Y=3044.745 Z=-0.297), Max=(X=1329.298 Y=3146.013 Z=121.716) RuntimeGrid:None EditorOnly:0 RuntimeOnly:0 HLODRelevant:0
 |   |   |- Guid:DA0E528640FD55D387A1B98FF56CD45B BaseClass: NativeClass:/Script/Engine.SkeletalMeshActor Name:SkeletalMeshActor_UAID_B00CD162E1E7315902_1468823108 Label:Anim_Combo06 SpatiallyLoaded:1 Bounds:IsValid=true, Min=(X=872.154 Y=1054.242 Z=0.432), Max=(X=929.161 Y=1154.027 Z=168.926) RuntimeGrid:None EditorOnly:0 RuntimeOnly:0 HLODRelevant:0
 |   |   |- Guid:DE5F45AE48D714DCFE7DFEBA794DA17D BaseClass: NativeClass:/Script/Engine.SkeletalMeshActor Name:SkeletalMeshActor_UAID_B00CD162E1E7315902_1445059105 Label:Anim_Combo03 SpatiallyLoaded:1 Bounds:IsValid=true, Min=(X=1270.828 Y=564.235 Z=0.437), Max=(X=1327.851 Y=664.277 Z=168.925) RuntimeGrid:None EditorOnly:0 RuntimeOnly:0 HLODRelevant:0
 |   |   |- Guid:E4ACF0FB4C1459C782E920BF55651D9E BaseClass: NativeClass:/Script/Engine.SkeletalMeshActor Name:SkeletalMeshActor_UAID_B00CD162E1E7315902_1509531119 Label:Anim_Combo17 SpatiallyLoaded:1 Bounds:IsValid=true, Min=(X=470.828 Y=2554.234 Z=0.437), Max=(X=527.854 Y=2654.277 Z=168.925) RuntimeGrid:None EditorOnly:0 RuntimeOnly:0 HLODRelevant:0
 |   |   |- Guid:E617C8094574C49E01AF468909EA0532 BaseClass: NativeClass:/Script/Engine.SkeletalMeshActor Name:SkeletalMeshActor_UAID_B00CD162E1E7315902_1517032122 Label:Anim_Combo20 SpatiallyLoaded:1 Bounds:IsValid=true, Min=(X=1670.777 Y=2544.729 Z=-0.289), Max=(X=1729.549 Y=2646.015 Z=121.712) RuntimeGrid:None EditorOnly:0 RuntimeOnly:0 HLODRelevant:0
 |   |   |- Guid:F1924B8D48954B30891B2DB6A694F9CC BaseClass: NativeClass:/Script/Engine.StaticMeshActor Name:StaticMeshActor_1 Label:SM_Cube SpatiallyLoaded:1 Bounds:IsValid=true, Min=(X=0.000 Y=0.000 Z=-50.000), Max=(X=10000.000 Y=10000.000 Z=0.000) RuntimeGrid:None EditorOnly:0 RuntimeOnly:0 HLODRelevant:1 FolderPath:Playground FolderGuid:C73F09FC4215536B1DCE2A9E0A830C70
 |   |   |- Guid:F52433DA47DD920324DBF6BBD3C717E9 BaseClass: NativeClass:/Script/Engine.SkeletalMeshActor Name:SkeletalMeshActor_UAID_B00CD162E1E7315902_1472988110 Label:Anim_Combo08 SpatiallyLoaded:1 Bounds:IsValid=true, Min=(X=1682.155 Y=1054.238 Z=0.433), Max=(X=1739.162 Y=1154.030 Z=168.924) RuntimeGrid:None EditorOnly:0 RuntimeOnly:0 HLODRelevant:0
 |   |- [+] Clusters:
 |   |   |- [+] [  0]
 |   |   |   |- Guid:09EEC8504780E08D60709586CB50612F BaseClass: NativeClass:/Script/Engine.SkyLight Name:SkyLight_UAID_B00CD162E1E7AB5502_1395518352 Label:SkyLight SpatiallyLoaded:0 Bounds:IsValid=true, Min=(X=0.000 Y=0.000 Z=0.000), Max=(X=0.000 Y=0.000 Z=0.000) RuntimeGrid:None EditorOnly:0 RuntimeOnly:0 HLODRelevant:0
 |   |   |- [+] [  1]
 |   |   |   |- Guid:597614304B9E4B33DCDD908453E0889D BaseClass: NativeClass:/Script/Engine.VolumetricCloud Name:VolumetricCloud_UAID_B00CD162E1E7AB5502_1396543355 Label:VolumetricCloud SpatiallyLoaded:0 Bounds:IsValid=true, Min=(X=0.000 Y=0.000 Z=0.000), Max=(X=0.000 Y=0.000 Z=0.000) RuntimeGrid:None EditorOnly:0 RuntimeOnly:0 HLODRelevant:0
 |   |   |- [+] [  2]
 |   |   |   |- Guid:36D66B85461DE5359631D5B5370CE8B0 BaseClass: NativeClass:/Script/Engine.ExponentialHeightFog Name:ExponentialHeightFog_UAID_B00CD162E1E7AB5502_1397099356 Label:ExponentialHeightFog SpatiallyLoaded:0 Bounds:IsValid=true, Min=(X=0.000 Y=0.000 Z=0.000), Max=(X=0.000 Y=0.000 Z=0.000) RuntimeGrid:None EditorOnly:0 RuntimeOnly:0 HLODRelevant:0
 |   |   |- [+] [  3]
 |   |   |   |- Guid:5B97F4A64FB21F77EFC44386BF705B4C BaseClass: NativeClass:/Script/Engine.TextRenderActor Name:TextRenderActor_1 Label:TextRenderActor SpatiallyLoaded:1 Bounds:IsValid=true, Min=(X=-0.100 Y=1100.000 Z=65.013), Max=(X=-0.100 Y=2392.308 Z=215.013) RuntimeGrid:None EditorOnly:0 RuntimeOnly:0 HLODRelevant:0
 |   |   |- [+] [  4]
 |   |   |   |- Guid:6BAF4DDD444C60371492D3919DB42C97 BaseClass: NativeClass:/Script/Engine.WorldDataLayers Name:WorldDataLayers Label:WorldDataLayers SpatiallyLoaded:0 Bounds:IsValid=true, Min=(X=0.000 Y=0.000 Z=0.000), Max=(X=0.000 Y=0.000 Z=0.000) RuntimeGrid:None EditorOnly:0 RuntimeOnly:0 HLODRelevant:0
 |   |   |- [+] [  5]
 |   |   |   |- Guid:506E3BF340CBC2718325F38950123B49 BaseClass: NativeClass:/Script/Engine.SkyAtmosphere Name:SkyAtmosphere_UAID_B00CD162E1E7AB5502_1396199354 Label:SkyAtmosphere SpatiallyLoaded:0 Bounds:IsValid=true, Min=(X=0.000 Y=0.000 Z=0.000), Max=(X=0.000 Y=0.000 Z=0.000) RuntimeGrid:None EditorOnly:0 RuntimeOnly:0 HLODRelevant:0
 |   |   |- [+] [  6]
 |   |   |   |- Guid:F1924B8D48954B30891B2DB6A694F9CC BaseClass: NativeClass:/Script/Engine.StaticMeshActor Name:StaticMeshActor_1 Label:SM_Cube SpatiallyLoaded:1 Bounds:IsValid=true, Min=(X=0.000 Y=0.000 Z=-50.000), Max=(X=10000.000 Y=10000.000 Z=0.000) RuntimeGrid:None EditorOnly:0 RuntimeOnly:0 HLODRelevant:1 FolderPath:Playground FolderGuid:C73F09FC4215536B1DCE2A9E0A830C70
 |   |   |- [+] [  7]
 |   |   |   |- Guid:3A00AA1C422CE54C0BDB60BAF471BFBB BaseClass: NativeClass:/Script/Engine.PlayerStart Name:PlayerStart_0 Label:PlayerStart SpatiallyLoaded:0 Bounds:IsValid=true, Min=(X=860.000 Y=1070.000 Z=0.013), Max=(X=940.000 Y=1150.000 Z=184.013) RuntimeGrid:None EditorOnly:0 RuntimeOnly:0 HLODRelevant:0
 |   |   |- [+] [  8]
 |   |   |   |- Guid:6C5CCF774A40337CE14ED590D0681E65 BaseClass: NativeClass:/Script/Engine.DirectionalLight Name:DirectionalLight_UAID_B00CD162E1E7AB5502_1395856353 Label:DirectionalLight SpatiallyLoaded:0 Bounds:IsValid=true, Min=(X=-4398046511104.000 Y=-4398046511104.000 Z=-4398046511104.000), Max=(X=4398046511104.000 Y=4398046511104.000 Z=4398046511104.000) RuntimeGrid:None EditorOnly:0 RuntimeOnly:0 HLODRelevant:0
 |   |   |- [+] [  9]
 |   |   |   |- Guid:20E289A14CC7E766704BDAA0B0F69495 BaseClass: NativeClass:/Script/Engine.SkeletalMeshActor Name:SkeletalMeshActor_UAID_B00CD162E1E7315902_1438039103 Label:Anim_Combo01 SpatiallyLoaded:1 Bounds:IsValid=true, Min=(X=470.828 Y=554.234 Z=0.437), Max=(X=527.853 Y=654.277 Z=168.925) RuntimeGrid:None EditorOnly:0 RuntimeOnly:0 HLODRelevant:0
 |   |   |- [+] [ 10]
 |   |   |   |- Guid:8D166C8B4626E6A5E5688E965CCD4D22 BaseClass: NativeClass:/Script/Engine.SkeletalMeshActor Name:SkeletalMeshActor_UAID_B00CD162E1E7315902_1442546104 Label:Anim_Combo02 SpatiallyLoaded:1 Bounds:IsValid=true, Min=(X=872.155 Y=564.240 Z=0.431), Max=(X=929.157 Y=664.023 Z=168.926) RuntimeGrid:None EditorOnly:0 RuntimeOnly:0 HLODRelevant:0
 |   |   |- [+] [ 11]
 |   |   |   |- Guid:DE5F45AE48D714DCFE7DFEBA794DA17D BaseClass: NativeClass:/Script/Engine.SkeletalMeshActor Name:SkeletalMeshActor_UAID_B00CD162E1E7315902_1445059105 Label:Anim_Combo03 SpatiallyLoaded:1 Bounds:IsValid=true, Min=(X=1270.828 Y=564.235 Z=0.437), Max=(X=1327.851 Y=664.277 Z=168.925) RuntimeGrid:None EditorOnly:0 RuntimeOnly:0 HLODRelevant:0
 |   |   |- [+] [ 12]
 |   |   |   |- Guid:1E603ADD47B8CC9CB9A8408651517E7D BaseClass: NativeClass:/Script/Engine.SkeletalMeshActor Name:SkeletalMeshActor_UAID_B00CD162E1E7315902_1447798106 Label:Anim_Combo04 SpatiallyLoaded:1 Bounds:IsValid=true, Min=(X=1672.154 Y=554.241 Z=0.432), Max=(X=1729.161 Y=654.025 Z=168.926) RuntimeGrid:None EditorOnly:0 RuntimeOnly:0 HLODRelevant:0
 |   |   |- [+] [ 13]
 |   |   |   |- Guid:64A565E047CE103FA52FCFAD30077F12 BaseClass: NativeClass:/Script/Engine.SkeletalMeshActor Name:SkeletalMeshActor_UAID_B00CD162E1E7315902_1466300107 Label:Anim_Combo05 SpatiallyLoaded:1 Bounds:IsValid=true, Min=(X=470.828 Y=1054.234 Z=0.437), Max=(X=527.853 Y=1154.277 Z=168.925) RuntimeGrid:None EditorOnly:0 RuntimeOnly:0 HLODRelevant:0
 |   |   |- [+] [ 14]
 |   |   |   |- Guid:DA0E528640FD55D387A1B98FF56CD45B BaseClass: NativeClass:/Script/Engine.SkeletalMeshActor Name:SkeletalMeshActor_UAID_B00CD162E1E7315902_1468823108 Label:Anim_Combo06 SpatiallyLoaded:1 Bounds:IsValid=true, Min=(X=872.154 Y=1054.242 Z=0.432), Max=(X=929.161 Y=1154.027 Z=168.926) RuntimeGrid:None EditorOnly:0 RuntimeOnly:0 HLODRelevant:0
 |   |   |- [+] [ 15]
 |   |   |   |- Guid:57036DBE46DFD6FAE36454A1C2447174 BaseClass: NativeClass:/Script/Engine.SkeletalMeshActor Name:SkeletalMeshActor_UAID_B00CD162E1E7315902_1471075109 Label:Anim_Combo07 SpatiallyLoaded:1 Bounds:IsValid=true, Min=(X=1270.828 Y=1064.234 Z=0.437), Max=(X=1327.851 Y=1164.278 Z=168.925) RuntimeGrid:None EditorOnly:0 RuntimeOnly:0 HLODRelevant:0
 |   |   |- [+] [ 16]
 |   |   |   |- Guid:F52433DA47DD920324DBF6BBD3C717E9 BaseClass: NativeClass:/Script/Engine.SkeletalMeshActor Name:SkeletalMeshActor_UAID_B00CD162E1E7315902_1472988110 Label:Anim_Combo08 SpatiallyLoaded:1 Bounds:IsValid=true, Min=(X=1682.155 Y=1054.238 Z=0.433), Max=(X=1739.162 Y=1154.030 Z=168.924) RuntimeGrid:None EditorOnly:0 RuntimeOnly:0 HLODRelevant:0
 |   |   |- [+] [ 17]
 |   |   |   |- Guid:B078AA5A440358EFC7364D9AE8DDE14D BaseClass: NativeClass:/Script/Engine.SkeletalMeshActor Name:SkeletalMeshActor_UAID_B00CD162E1E7315902_1477076111 Label:Anim_Combo09 SpatiallyLoaded:1 Bounds:IsValid=true, Min=(X=470.828 Y=1544.234 Z=0.437), Max=(X=527.851 Y=1644.278 Z=168.925) RuntimeGrid:None EditorOnly:0 RuntimeOnly:0 HLODRelevant:0
 |   |   |- [+] [ 18]
 |   |   |   |- Guid:00FBA02A4D7656E94D9649B9F342968D BaseClass: NativeClass:/Script/Engine.SkeletalMeshActor Name:SkeletalMeshActor_UAID_B00CD162E1E7315902_1489095112 Label:Anim_Combo10 SpatiallyLoaded:1 Bounds:IsValid=true, Min=(X=872.154 Y=1554.241 Z=0.432), Max=(X=929.161 Y=1654.026 Z=168.926) RuntimeGrid:None EditorOnly:0 RuntimeOnly:0 HLODRelevant:0
 |   |   |- [+] [ 19]
 |   |   |   |- Guid:BEB549284E2F5B31B43D1C85E0FCBF26 BaseClass: NativeClass:/Script/Engine.SkeletalMeshActor Name:SkeletalMeshActor_UAID_B00CD162E1E7315902_1492713113 Label:Anim_Combo11 SpatiallyLoaded:1 Bounds:IsValid=true, Min=(X=1270.828 Y=1564.235 Z=0.437), Max=(X=1327.851 Y=1664.278 Z=168.925) RuntimeGrid:None EditorOnly:0 RuntimeOnly:0 HLODRelevant:0
 |   |   |- [+] [ 20]
 |   |   |   |- Guid:1AF842CE4652CD3D78DCDE908D4829A6 BaseClass: NativeClass:/Script/Engine.SkeletalMeshActor Name:SkeletalMeshActor_UAID_B00CD162E1E7315902_1494982114 Label:Anim_Combo12 SpatiallyLoaded:1 Bounds:IsValid=true, Min=(X=1672.154 Y=1554.243 Z=0.435), Max=(X=1729.161 Y=1654.028 Z=168.926) RuntimeGrid:None EditorOnly:0 RuntimeOnly:0 HLODRelevant:0
 |   |   |- [+] [ 21]
 |   |   |   |- Guid:8C0D02AC40A6644277A266B64EE5A9B8 BaseClass: NativeClass:/Script/Engine.SkeletalMeshActor Name:SkeletalMeshActor_UAID_B00CD162E1E7315902_1499371115 Label:Anim_Combo13 SpatiallyLoaded:1 Bounds:IsValid=true, Min=(X=470.828 Y=2054.234 Z=0.437), Max=(X=527.853 Y=2154.276 Z=168.925) RuntimeGrid:None EditorOnly:0 RuntimeOnly:0 HLODRelevant:0
 |   |   |- [+] [ 22]
 |   |   |   |- Guid:21369D65467DD433E27941BCA67E926F BaseClass: NativeClass:/Script/Engine.SkeletalMeshActor Name:SkeletalMeshActor_UAID_B00CD162E1E7315902_1501870116 Label:Anim_Combo14 SpatiallyLoaded:1 Bounds:IsValid=true, Min=(X=882.155 Y=2064.242 Z=0.432), Max=(X=939.161 Y=2164.024 Z=168.926) RuntimeGrid:None EditorOnly:0 RuntimeOnly:0 HLODRelevant:0
 |   |   |- [+] [ 23]
 |   |   |   |- Guid:B632A4D2444638579B5C89BA5839362D BaseClass: NativeClass:/Script/Engine.SkeletalMeshActor Name:SkeletalMeshActor_UAID_B00CD162E1E7315902_1503725117 Label:Anim_Combo15 SpatiallyLoaded:1 Bounds:IsValid=true, Min=(X=1270.828 Y=2054.234 Z=0.437), Max=(X=1327.854 Y=2154.277 Z=168.924) RuntimeGrid:None EditorOnly:0 RuntimeOnly:0 HLODRelevant:0
 |   |   |- [+] [ 24]
 |   |   |   |- Guid:AABA632E46B9A1093A3EDDBF0BE695ED BaseClass: NativeClass:/Script/Engine.SkeletalMeshActor Name:SkeletalMeshActor_UAID_B00CD162E1E7315902_1506003118 Label:Anim_Combo16 SpatiallyLoaded:1 Bounds:IsValid=true, Min=(X=1672.154 Y=2054.242 Z=0.432), Max=(X=1729.161 Y=2154.025 Z=168.924) RuntimeGrid:None EditorOnly:0 RuntimeOnly:0 HLODRelevant:0
 |   |   |- [+] [ 25]
 |   |   |   |- Guid:E4ACF0FB4C1459C782E920BF55651D9E BaseClass: NativeClass:/Script/Engine.SkeletalMeshActor Name:SkeletalMeshActor_UAID_B00CD162E1E7315902_1509531119 Label:Anim_Combo17 SpatiallyLoaded:1 Bounds:IsValid=true, Min=(X=470.828 Y=2554.234 Z=0.437), Max=(X=527.854 Y=2654.277 Z=168.925) RuntimeGrid:None EditorOnly:0 RuntimeOnly:0 HLODRelevant:0
 |   |   |- [+] [ 26]
 |   |   |   |- Guid:767410534F27A02CBCB5B99478D5A92C BaseClass: NativeClass:/Script/Engine.SkeletalMeshActor Name:SkeletalMeshActor_UAID_B00CD162E1E7315902_1512461120 Label:Anim_Combo18 SpatiallyLoaded:1 Bounds:IsValid=true, Min=(X=872.155 Y=2554.238 Z=0.431), Max=(X=929.158 Y=2654.024 Z=168.926) RuntimeGrid:None EditorOnly:0 RuntimeOnly:0 HLODRelevant:0
 |   |   |- [+] [ 27]
 |   |   |   |- Guid:1C1A87AC41F7399818F9E0BF761338C6 BaseClass: NativeClass:/Script/Engine.SkeletalMeshActor Name:SkeletalMeshActor_UAID_B00CD162E1E7315902_1514612121 Label:Anim_Combo19 SpatiallyLoaded:1 Bounds:IsValid=true, Min=(X=1270.487 Y=2544.745 Z=-0.296), Max=(X=1329.297 Y=2646.014 Z=121.715) RuntimeGrid:None EditorOnly:0 RuntimeOnly:0 HLODRelevant:0
 |   |   |- [+] [ 28]
 |   |   |   |- Guid:E617C8094574C49E01AF468909EA0532 BaseClass: NativeClass:/Script/Engine.SkeletalMeshActor Name:SkeletalMeshActor_UAID_B00CD162E1E7315902_1517032122 Label:Anim_Combo20 SpatiallyLoaded:1 Bounds:IsValid=true, Min=(X=1670.777 Y=2544.729 Z=-0.289), Max=(X=1729.549 Y=2646.015 Z=121.712) RuntimeGrid:None EditorOnly:0 RuntimeOnly:0 HLODRelevant:0
 |   |   |- [+] [ 29]
 |   |   |   |- Guid:BDEA95304FECB0E1B91319B4DB326E2A BaseClass: NativeClass:/Script/Engine.SkeletalMeshActor Name:SkeletalMeshActor_UAID_B00CD162E1E7315902_1522616123 Label:Anim_Combo21 SpatiallyLoaded:1 Bounds:IsValid=true, Min=(X=470.488 Y=3044.745 Z=-0.297), Max=(X=529.297 Y=3146.014 Z=121.715) RuntimeGrid:None EditorOnly:0 RuntimeOnly:0 HLODRelevant:0
 |   |   |- [+] [ 30]
 |   |   |   |- Guid:8BEFE8F9437A9F9478DAF99AF06D7B98 BaseClass: NativeClass:/Script/Engine.SkeletalMeshActor Name:SkeletalMeshActor_UAID_B00CD162E1E7315902_1527208124 Label:Anim_Combo22 SpatiallyLoaded:1 Bounds:IsValid=true, Min=(X=870.777 Y=3044.729 Z=-0.288), Max=(X=929.549 Y=3146.015 Z=121.711) RuntimeGrid:None EditorOnly:0 RuntimeOnly:0 HLODRelevant:0
 |   |   |- [+] [ 31]
 |   |   |   |- Guid:C91D196B4D05AA5D2E12A1B42AD82C1E BaseClass: NativeClass:/Script/Engine.SkeletalMeshActor Name:SkeletalMeshActor_UAID_B00CD162E1E7315902_1529497125 Label:Anim_Combo23 SpatiallyLoaded:1 Bounds:IsValid=true, Min=(X=1270.488 Y=3044.745 Z=-0.297), Max=(X=1329.298 Y=3146.013 Z=121.716) RuntimeGrid:None EditorOnly:0 RuntimeOnly:0 HLODRelevant:0
 |   |   |- [+] [ 32]
 |   |   |   |- Guid:1023B0984209669561616BAD1347705D BaseClass: NativeClass:/Script/Engine.SkeletalMeshActor Name:SkeletalMeshActor_UAID_B00CD162E1E7315902_1531772126 Label:Anim_Combo24 SpatiallyLoaded:1 Bounds:IsValid=true, Min=(X=1680.777 Y=3044.729 Z=-0.288), Max=(X=1739.549 Y=3146.014 Z=121.712) RuntimeGrid:None EditorOnly:0 RuntimeOnly:0 HLODRelevant:0
 |   |   |- [+] [ 33]
 |   |   |   |- Guid:BBC99BDF4971FCE66D26B5A1D70F5EDE BaseClass: NativeClass:/Script/Engine.SkeletalMeshActor Name:SkeletalMeshActor_UAID_B00CD162E1E7315902_1537145127 Label:Anim_Combo25 SpatiallyLoaded:1 Bounds:IsValid=true, Min=(X=470.488 Y=3544.745 Z=-0.297), Max=(X=529.297 Y=3646.013 Z=121.715) RuntimeGrid:None EditorOnly:0 RuntimeOnly:0 HLODRelevant:0
 |   |   |- [+] [ 34]
 |   |   |   |- Guid:358C1E00440ADDC0AAD6679848D8C6F2 BaseClass: NativeClass:/Script/Engine.SkeletalMeshActor Name:SkeletalMeshActor_UAID_B00CD162E1E7315902_1539250128 Label:Anim_Combo26 SpatiallyLoaded:1 Bounds:IsValid=true, Min=(X=870.776 Y=3544.729 Z=-0.289), Max=(X=929.549 Y=3646.015 Z=121.712) RuntimeGrid:None EditorOnly:0 RuntimeOnly:0 HLODRelevant:0
 |- ContainerInstances:
 |- [+] MainContainer:
 |   |-        ID: 0x0000000000000000
 |   |-    Bounds: IsValid=false, Min=(X=0.000 Y=0.000 Z=0.000), Max=(X=0.000 Y=0.000 Z=0.000)
 |   |- Transform: 0.000000,0.000000,0.000000|0.000000,0.000000,-0.000000|1.000000,1.000000,1.000000
 |   |- Container: /Game/BoxingFightStyle/Maps/ThirdPersonMap
----------------------------------------------------------------------------------------------------------------
ThirdPersonMap - Persistent Level
----------------------------------------------------------------------------------------------------------------
Always loaded Actor Count: 68 

----------------------------------------------------------------------------------------------------------------
ThirdPersonMap - Runtime Spatial Hash - Streaming Grid - MainGrid
----------------------------------------------------------------------------------------------------------------
            Origin: X=0.000 Y=0.000 Z=0.000
         Cell Size: 12800
      World Bounds: IsValid=false, Min=(X=0.000 Y=0.000 Z=0.000), Max=(X=0.000 Y=0.000 Z=0.000)
     Loading Range: 25600.00
Block Slow Loading: No
 ClientOnlyVisible: No

[+] Grid Levels: 1
 |- Level  0: Cell Count    0 | Cell Size   12800 | Actor Count    0 (0.0%)

[+] Content of Grid Level 0

