[+] Containers:
 |- [+] Container: /Game/BoxingFightStyle/Maps/ThirdPersonMap
 |   |- [+] ActorDescs:
 |   |   |- Guid:00FBA02A4D7656E94D9649B9F342968D BaseClass: NativeClass:/Script/Engine.SkeletalMeshActor Name:SkeletalMeshActor_UAID_B00CD162E1E7315902_1489095112 Label:Anim_Combo10 SpatiallyLoaded:1 Bounds:IsValid=true, Min=(X=872.154 Y=1554.241 Z=0.432), Max=(X=929.161 Y=1654.026 Z=168.926) RuntimeGrid:None EditorOnly:0 RuntimeOnly:0 HLODRelevant:0
 |   |   |- Guid:0111A03546998AD089EB3B9D840CB1B5 BaseClass: NativeClass:/Script/Engine.SkeletalMeshActor Name:SkeletalMeshActor_UAID_B00CD162E1E7315902_1680488150 Label:Anim_DodgeCounter14 SpatiallyLoaded:1 Bounds:IsValid=true, Min=(X=862.545 Y=7357.707 Z=-0.609), Max=(X=930.420 Y=7493.670 Z=132.051) RuntimeGrid:None EditorOnly:0 RuntimeOnly:0 HLODRelevant:0
 |   |   |- Guid:01ABE1EF460205B105275FA3E74B938A BaseClass: NativeClass:/Script/Engine.SkeletalMeshActor Name:SkeletalMeshActor_UAID_B00CD162E1E7315902_1710395154 Label:Anim_DodgeCounter18 SpatiallyLoaded:1 Bounds:IsValid=true, Min=(X=847.267 Y=7962.759 Z=-0.030), Max=(X=946.931 Y=8050.081 Z=115.067) RuntimeGrid:None EditorOnly:0 RuntimeOnly:0 HLODRelevant:0
 |   |   |- Guid:041E766F4EE8FD7DFA2552B9EE5C2C64 BaseClass: NativeClass:/Script/Engine.SkeletalMeshActor Name:SkeletalMeshActor_UAID_B00CD162E1E7315902_1597050130 Label:Anim_Dodge02 SpatiallyLoaded:1 Bounds:IsValid=true, Min=(X=872.154 Y=4564.242 Z=0.432), Max=(X=929.161 Y=4664.026 Z=168.926) RuntimeGrid:None EditorOnly:0 RuntimeOnly:0 HLODRelevant:0
 |   |   |- Guid:06694B9642CB91D05714F5BA16CA7A59 BaseClass: NativeClass:/Script/Engine.SkeletalMeshActor Name:SkeletalMeshActor_UAID_B00CD162E1E7315902_1593430129 Label:Anim_Dodge01 SpatiallyLoaded:1 Bounds:IsValid=true, Min=(X=480.790 Y=4544.279 Z=0.438), Max=(X=537.851 Y=4644.278 Z=168.925) RuntimeGrid:None EditorOnly:0 RuntimeOnly:0 HLODRelevant:0
 |   |   |- Guid:09D24AA345829C06C67B90A2FB480104 BaseClass: NativeClass:/Script/Engine.SkeletalMeshActor Name:SkeletalMeshActor_UAID_B00CD162E1E7315902_1607624134 Label:Anim_Dodge06 SpatiallyLoaded:1 Bounds:IsValid=true, Min=(X=872.155 Y=4954.240 Z=0.433), Max=(X=929.162 Y=5054.028 Z=168.926) RuntimeGrid:None EditorOnly:0 RuntimeOnly:0 HLODRelevant:0
 |   |   |- Guid:09EEC8504780E08D60709586CB50612F BaseClass: NativeClass:/Script/Engine.SkyLight Name:SkyLight_UAID_B00CD162E1E7AB5502_1395518352 Label:SkyLight SpatiallyLoaded:0 Bounds:IsValid=true, Min=(X=0.000 Y=0.000 Z=0.000), Max=(X=0.000 Y=0.000 Z=0.000) RuntimeGrid:None EditorOnly:0 RuntimeOnly:0 HLODRelevant:0
 |   |   |- Guid:0A6D6C444E3B81387F83AD8CF5AE2B0A BaseClass: NativeClass:/Script/Engine.SkeletalMeshActor Name:SkeletalMeshActor_UAID_B00CD162E1E7315902_1690388153 Label:Anim_DodgeCounter17 SpatiallyLoaded:1 Bounds:IsValid=true, Min=(X=453.506 Y=7962.774 Z=-0.024), Max=(X=552.756 Y=8050.076 Z=115.067) RuntimeGrid:None EditorOnly:0 RuntimeOnly:0 HLODRelevant:0
 |   |   |- Guid:1023B0984209669561616BAD1347705D BaseClass: NativeClass:/Script/Engine.SkeletalMeshActor Name:SkeletalMeshActor_UAID_B00CD162E1E7315902_1531772126 Label:Anim_Combo24 SpatiallyLoaded:1 Bounds:IsValid=true, Min=(X=1680.777 Y=3044.729 Z=-0.288), Max=(X=1739.549 Y=3146.014 Z=121.712) RuntimeGrid:None EditorOnly:0 RuntimeOnly:0 HLODRelevant:0
 |   |   |- Guid:114907E74895525C790663B7205AE049 BaseClass: NativeClass:/Script/Engine.SkeletalMeshActor Name:SkeletalMeshActor_UAID_B00CD162E1E7315902_1682548151 Label:Anim_DodgeCounter15 SpatiallyLoaded:1 Bounds:IsValid=true, Min=(X=1269.581 Y=7357.707 Z=-0.609), Max=(X=1337.461 Y=7493.655 Z=132.050) RuntimeGrid:None EditorOnly:0 RuntimeOnly:0 HLODRelevant:0
 |   |   |- Guid:13B20AE24B4DEC024C92F4912A23362D BaseClass: NativeClass:/Script/Engine.SkeletalMeshActor Name:SkeletalMeshActor_UAID_B00CD162E1E7315902_1643678144 Label:Anim_DodgeCounter08 SpatiallyLoaded:1 Bounds:IsValid=true, Min=(X=1657.285 Y=6254.196 Z=-0.313), Max=(X=1754.998 Y=6344.005 Z=121.350) RuntimeGrid:None EditorOnly:0 RuntimeOnly:0 HLODRelevant:0
 |   |   |- Guid:18F23B4543C73AFD470FE484080E2C73 BaseClass: NativeClass:/Script/Engine.SkeletalMeshActor Name:SkeletalMeshActor_UAID_B00CD162E1E7315902_1669174148 Label:Anim_DodgeCounter12 SpatiallyLoaded:1 Bounds:IsValid=true, Min=(X=1672.834 Y=6754.079 Z=-0.411), Max=(X=1736.292 Y=6900.949 Z=114.813) RuntimeGrid:None EditorOnly:0 RuntimeOnly:0 HLODRelevant:0
 |   |   |- Guid:1AF842CE4652CD3D78DCDE908D4829A6 BaseClass: NativeClass:/Script/Engine.SkeletalMeshActor Name:SkeletalMeshActor_UAID_B00CD162E1E7315902_1494982114 Label:Anim_Combo12 SpatiallyLoaded:1 Bounds:IsValid=true, Min=(X=1672.154 Y=1554.243 Z=0.435), Max=(X=1729.161 Y=1654.028 Z=168.926) RuntimeGrid:None EditorOnly:0 RuntimeOnly:0 HLODRelevant:0
 |   |   |- Guid:1C1A87AC41F7399818F9E0BF761338C6 BaseClass: NativeClass:/Script/Engine.SkeletalMeshActor Name:SkeletalMeshActor_UAID_B00CD162E1E7315902_1514612121 Label:Anim_Combo19 SpatiallyLoaded:1 Bounds:IsValid=true, Min=(X=1270.487 Y=2544.745 Z=-0.296), Max=(X=1329.297 Y=2646.014 Z=121.715) RuntimeGrid:None EditorOnly:0 RuntimeOnly:0 HLODRelevant:0
 |   |   |- Guid:1E603ADD47B8CC9CB9A8408651517E7D BaseClass: NativeClass:/Script/Engine.SkeletalMeshActor Name:SkeletalMeshActor_UAID_B00CD162E1E7315902_1447798106 Label:Anim_Combo04 SpatiallyLoaded:1 Bounds:IsValid=true, Min=(X=1672.154 Y=554.241 Z=0.432), Max=(X=1729.161 Y=654.025 Z=168.926) RuntimeGrid:None EditorOnly:0 RuntimeOnly:0 HLODRelevant:0
 |   |   |- Guid:20E289A14CC7E766704BDAA0B0F69495 BaseClass: NativeClass:/Script/Engine.SkeletalMeshActor Name:SkeletalMeshActor_UAID_B00CD162E1E7315902_1438039103 Label:Anim_Combo01 SpatiallyLoaded:1 Bounds:IsValid=true, Min=(X=470.828 Y=554.234 Z=0.437), Max=(X=527.853 Y=654.277 Z=168.925) RuntimeGrid:None EditorOnly:0 RuntimeOnly:0 HLODRelevant:0
 |   |   |- Guid:21369D65467DD433E27941BCA67E926F BaseClass: NativeClass:/Script/Engine.SkeletalMeshActor Name:SkeletalMeshActor_UAID_B00CD162E1E7315902_1501870116 Label:Anim_Combo14 SpatiallyLoaded:1 Bounds:IsValid=true, Min=(X=882.155 Y=2064.242 Z=0.432), Max=(X=939.161 Y=2164.024 Z=168.926) RuntimeGrid:None EditorOnly:0 RuntimeOnly:0 HLODRelevant:0
 |   |   |- Guid:2B453D9847E829D445E5B593D7F860DB BaseClass: NativeClass:/Script/Engine.SkeletalMeshActor Name:SkeletalMeshActor_UAID_B00CD162E1E7315902_1649562145 Label:Anim_DodgeCounter09 SpatiallyLoaded:1 Bounds:IsValid=true, Min=(X=473.713 Y=6754.076 Z=-0.405), Max=(X=537.170 Y=6901.197 Z=114.814) RuntimeGrid:None EditorOnly:0 RuntimeOnly:0 HLODRelevant:0
 |   |   |- Guid:358C1E00440ADDC0AAD6679848D8C6F2 BaseClass: NativeClass:/Script/Engine.SkeletalMeshActor Name:SkeletalMeshActor_UAID_B00CD162E1E7315902_1539250128 Label:Anim_Combo26 SpatiallyLoaded:1 Bounds:IsValid=true, Min=(X=870.776 Y=3544.729 Z=-0.289), Max=(X=929.549 Y=3646.015 Z=121.712) RuntimeGrid:None EditorOnly:0 RuntimeOnly:0 HLODRelevant:0
 |   |   |- Guid:36D66B85461DE5359631D5B5370CE8B0 BaseClass: NativeClass:/Script/Engine.ExponentialHeightFog Name:ExponentialHeightFog_UAID_B00CD162E1E7AB5502_1397099356 Label:ExponentialHeightFog SpatiallyLoaded:0 Bounds:IsValid=true, Min=(X=0.000 Y=0.000 Z=0.000), Max=(X=0.000 Y=0.000 Z=0.000) RuntimeGrid:None EditorOnly:0 RuntimeOnly:0 HLODRelevant:0
 |   |   |- Guid:3A00AA1C422CE54C0BDB60BAF471BFBB BaseClass: NativeClass:/Script/Engine.PlayerStart Name:PlayerStart_0 Label:PlayerStart SpatiallyLoaded:0 Bounds:IsValid=true, Min=(X=860.000 Y=1070.000 Z=0.013), Max=(X=940.000 Y=1150.000 Z=184.013) RuntimeGrid:None EditorOnly:0 RuntimeOnly:0 HLODRelevant:0
 |   |   |- Guid:3B333CF24548DD3339D2928AAE905B89 BaseClass: NativeClass:/Script/Engine.SkeletalMeshActor Name:SkeletalMeshActor_UAID_B00CD162E1E7315902_1714302156 Label:Anim_DodgeCounter20 SpatiallyLoaded:1 Bounds:IsValid=true, Min=(X=1657.292 Y=7954.196 Z=-0.311), Max=(X=1754.997 Y=8044.007 Z=121.351) RuntimeGrid:None EditorOnly:0 RuntimeOnly:0 HLODRelevant:0
 |   |   |- Guid:3CA2BCD44F02E75A47C525A42AC3D68B BaseClass: NativeClass:/Script/Engine.SkeletalMeshActor Name:SkeletalMeshActor_UAID_B00CD162E1E7315902_1639455142 Label:Anim_DodgeCounter06 SpatiallyLoaded:1 Bounds:IsValid=true, Min=(X=857.292 Y=6254.196 Z=-0.311), Max=(X=954.997 Y=6344.007 Z=121.348) RuntimeGrid:None EditorOnly:0 RuntimeOnly:0 HLODRelevant:0
 |   |   |- Guid:3E95B7F94DCDDA6A3624759703050A88 BaseClass: NativeClass:/Script/Engine.SkeletalMeshActor Name:SkeletalMeshActor_UAID_B00CD162E1E7315902_1787343159 Label:Anim_GetUp01 SpatiallyLoaded:1 Bounds:IsValid=true, Min=(X=2859.707 Y=490.952 Z=-8.651), Max=(X=2943.806 Y=679.745 Z=38.721) RuntimeGrid:None EditorOnly:0 RuntimeOnly:0 HLODRelevant:0
 |   |   |- Guid:4075D68745F3F5F9DBAE8DB87E180057 BaseClass: NativeClass:/Script/Engine.SkeletalMeshActor Name:SkeletalMeshActor_UAID_B00CD162E1E7315902_1806819164 Label:Anim_GetUp06 SpatiallyLoaded:1 Bounds:IsValid=true, Min=(X=3160.500 Y=922.923 Z=-2.323), Max=(X=3242.656 Y=1103.792 Z=41.144) RuntimeGrid:None EditorOnly:0 RuntimeOnly:0 HLODRelevant:0
 |   |   |- Guid:422B209E4572C7AD51F328B4B3EB8A82 BaseClass: NativeClass:/Script/Engine.SkeletalMeshActor Name:SkeletalMeshActor_UAID_B00CD162E1E7315902_1790437160 Label:Anim_GetUp02 SpatiallyLoaded:1 Bounds:IsValid=true, Min=(X=3159.707 Y=480.950 Z=-8.651), Max=(X=3243.806 Y=669.745 Z=38.721) RuntimeGrid:None EditorOnly:0 RuntimeOnly:0 HLODRelevant:0
 |   |   |- Guid:448F76BA44EDC902E74271A10E8D9EE6 BaseClass: NativeClass:/Script/Engine.SkeletalMeshActor Name:SkeletalMeshActor_UAID_B00CD162E1E7315902_1609562135 Label:Anim_Dodge07 SpatiallyLoaded:1 Bounds:IsValid=true, Min=(X=1270.828 Y=4954.234 Z=0.437), Max=(X=1327.850 Y=5054.278 Z=168.925) RuntimeGrid:None EditorOnly:0 RuntimeOnly:0 HLODRelevant:0
 |   |   |- Guid:506E3BF340CBC2718325F38950123B49 BaseClass: NativeClass:/Script/Engine.SkyAtmosphere Name:SkyAtmosphere_UAID_B00CD162E1E7AB5502_1396199354 Label:SkyAtmosphere SpatiallyLoaded:0 Bounds:IsValid=true, Min=(X=0.000 Y=0.000 Z=0.000), Max=(X=0.000 Y=0.000 Z=0.000) RuntimeGrid:None EditorOnly:0 RuntimeOnly:0 HLODRelevant:0
 |   |   |- Guid:57036DBE46DFD6FAE36454A1C2447174 BaseClass: NativeClass:/Script/Engine.SkeletalMeshActor Name:SkeletalMeshActor_UAID_B00CD162E1E7315902_1471075109 Label:Anim_Combo07 SpatiallyLoaded:1 Bounds:IsValid=true, Min=(X=1270.828 Y=1064.234 Z=0.437), Max=(X=1327.851 Y=1164.278 Z=168.925) RuntimeGrid:None EditorOnly:0 RuntimeOnly:0 HLODRelevant:0
 |   |   |- Guid:597614304B9E4B33DCDD908453E0889D BaseClass: NativeClass:/Script/Engine.VolumetricCloud Name:VolumetricCloud_UAID_B00CD162E1E7AB5502_1396543355 Label:VolumetricCloud SpatiallyLoaded:0 Bounds:IsValid=true, Min=(X=0.000 Y=0.000 Z=0.000), Max=(X=0.000 Y=0.000 Z=0.000) RuntimeGrid:None EditorOnly:0 RuntimeOnly:0 HLODRelevant:0
 |   |   |- Guid:5B97F4A64FB21F77EFC44386BF705B4C BaseClass: NativeClass:/Script/Engine.TextRenderActor Name:TextRenderActor_1 Label:TextRenderActor SpatiallyLoaded:1 Bounds:IsValid=true, Min=(X=-0.100 Y=1100.000 Z=65.013), Max=(X=-0.100 Y=2392.308 Z=215.013) RuntimeGrid:None EditorOnly:0 RuntimeOnly:0 HLODRelevant:0
 |   |   |- Guid:5CEACD74457B0E61608A899268E78EAB BaseClass: NativeClass:/Script/Engine.SkeletalMeshActor Name:SkeletalMeshActor_UAID_B00CD162E1E7315902_1611617136 Label:Anim_Dodge08 SpatiallyLoaded:1 Bounds:IsValid=true, Min=(X=1672.154 Y=4964.241 Z=0.432), Max=(X=1729.161 Y=5064.026 Z=168.926) RuntimeGrid:None EditorOnly:0 RuntimeOnly:0 HLODRelevant:0
 |   |   |- Guid:64A565E047CE103FA52FCFAD30077F12 BaseClass: NativeClass:/Script/Engine.SkeletalMeshActor Name:SkeletalMeshActor_UAID_B00CD162E1E7315902_1466300107 Label:Anim_Combo05 SpatiallyLoaded:1 Bounds:IsValid=true, Min=(X=470.828 Y=1054.234 Z=0.437), Max=(X=527.853 Y=1154.277 Z=168.925) RuntimeGrid:None EditorOnly:0 RuntimeOnly:0 HLODRelevant:0
 |   |   |- Guid:684C96F34AEB68AA76277CA729B24EC2 BaseClass: NativeClass:/Script/Engine.SkeletalMeshActor Name:SkeletalMeshActor_UAID_B00CD162E1E7315902_1601643132 Label:Anim_Dodge04 SpatiallyLoaded:1 Bounds:IsValid=true, Min=(X=1672.154 Y=4554.243 Z=0.436), Max=(X=1729.161 Y=4654.028 Z=168.926) RuntimeGrid:None EditorOnly:0 RuntimeOnly:0 HLODRelevant:0
 |   |   |- Guid:6B80697C40E43BF592D085B49F153F77 BaseClass: NativeClass:/Script/Engine.SkeletalMeshActor Name:SkeletalMeshActor_UAID_B00CD162E1E7315902_1719520158 Label:Anim_DodgeCounter22 SpatiallyLoaded:1 Bounds:IsValid=true, Min=(X=862.545 Y=8557.708 Z=-0.611), Max=(X=930.420 Y=8693.667 Z=132.053) RuntimeGrid:None EditorOnly:0 RuntimeOnly:0 HLODRelevant:0
 |   |   |- Guid:6BAF4DDD444C60371492D3919DB42C97 BaseClass: NativeClass:/Script/Engine.WorldDataLayers Name:WorldDataLayers Label:WorldDataLayers SpatiallyLoaded:0 Bounds:IsValid=true, Min=(X=0.000 Y=0.000 Z=0.000), Max=(X=0.000 Y=0.000 Z=0.000) RuntimeGrid:None EditorOnly:0 RuntimeOnly:0 HLODRelevant:0
 |   |   |- Guid:6C5CCF774A40337CE14ED590D0681E65 BaseClass: NativeClass:/Script/Engine.DirectionalLight Name:DirectionalLight_UAID_B00CD162E1E7AB5502_1395856353 Label:DirectionalLight SpatiallyLoaded:0 Bounds:IsValid=true, Min=(X=-4398046511104.000 Y=-4398046511104.000 Z=-4398046511104.000), Max=(X=4398046511104.000 Y=4398046511104.000 Z=4398046511104.000) RuntimeGrid:None EditorOnly:0 RuntimeOnly:0 HLODRelevant:0
 |   |   |- Guid:755DF7104056EE8867A4BF82AA7CF7AF BaseClass: NativeClass:/Script/Engine.SkeletalMeshActor Name:SkeletalMeshActor_UAID_B00CD162E1E7315902_1803906163 Label:Anim_GetUp05 SpatiallyLoaded:1 Bounds:IsValid=true, Min=(X=2857.634 Y=922.923 Z=-2.347), Max=(X=2939.760 Y=1103.795 Z=41.145) RuntimeGrid:None EditorOnly:0 RuntimeOnly:0 HLODRelevant:0
 |   |   |- Guid:767410534F27A02CBCB5B99478D5A92C BaseClass: NativeClass:/Script/Engine.SkeletalMeshActor Name:SkeletalMeshActor_UAID_B00CD162E1E7315902_1512461120 Label:Anim_Combo18 SpatiallyLoaded:1 Bounds:IsValid=true, Min=(X=872.155 Y=2554.238 Z=0.431), Max=(X=929.158 Y=2654.024 Z=168.926) RuntimeGrid:None EditorOnly:0 RuntimeOnly:0 HLODRelevant:0
 |   |   |- Guid:781B0ECD425A2971E5F365B0D6E4D51F BaseClass: NativeClass:/Script/Engine.SkeletalMeshActor Name:SkeletalMeshActor_UAID_B00CD162E1E7315902_1796419161 Label:Anim_GetUp03 SpatiallyLoaded:1 Bounds:IsValid=true, Min=(X=3459.707 Y=470.952 Z=-8.651), Max=(X=3543.806 Y=659.745 Z=38.721) RuntimeGrid:None EditorOnly:0 RuntimeOnly:0 HLODRelevant:0
 |   |   |- Guid:7AE8D1BE46E77208A834DF92105C0C97 BaseClass: NativeClass:/Script/Engine.SkeletalMeshActor Name:SkeletalMeshActor_UAID_B00CD162E1E7315902_1641465143 Label:Anim_DodgeCounter07 SpatiallyLoaded:1 Bounds:IsValid=true, Min=(X=1244.998 Y=6264.200 Z=-0.310), Max=(X=1342.706 Y=6353.471 Z=121.348) RuntimeGrid:None EditorOnly:0 RuntimeOnly:0 HLODRelevant:0
 |   |   |- Guid:7D4EE2984728CC7BA11AA5883388C95C BaseClass: NativeClass:/Script/Engine.SkeletalMeshActor Name:SkeletalMeshActor_UAID_B00CD162E1E7315902_1634082140 Label:Anim_DodgeCounter04 SpatiallyLoaded:1 Bounds:IsValid=true, Min=(X=1647.241 Y=5762.776 Z=-0.010), Max=(X=1746.918 Y=5850.086 Z=115.057) RuntimeGrid:None EditorOnly:0 RuntimeOnly:0 HLODRelevant:0
 |   |   |- Guid:8BEFE8F9437A9F9478DAF99AF06D7B98 BaseClass: NativeClass:/Script/Engine.SkeletalMeshActor Name:SkeletalMeshActor_UAID_B00CD162E1E7315902_1527208124 Label:Anim_Combo22 SpatiallyLoaded:1 Bounds:IsValid=true, Min=(X=870.777 Y=3044.729 Z=-0.288), Max=(X=929.549 Y=3146.015 Z=121.711) RuntimeGrid:None EditorOnly:0 RuntimeOnly:0 HLODRelevant:0
 |   |   |- Guid:8C0D02AC40A6644277A266B64EE5A9B8 BaseClass: NativeClass:/Script/Engine.SkeletalMeshActor Name:SkeletalMeshActor_UAID_B00CD162E1E7315902_1499371115 Label:Anim_Combo13 SpatiallyLoaded:1 Bounds:IsValid=true, Min=(X=470.828 Y=2054.234 Z=0.437), Max=(X=527.853 Y=2154.276 Z=168.925) RuntimeGrid:None EditorOnly:0 RuntimeOnly:0 HLODRelevant:0
 |   |   |- Guid:8D166C8B4626E6A5E5688E965CCD4D22 BaseClass: NativeClass:/Script/Engine.SkeletalMeshActor Name:SkeletalMeshActor_UAID_B00CD162E1E7315902_1442546104 Label:Anim_Combo02 SpatiallyLoaded:1 Bounds:IsValid=true, Min=(X=872.155 Y=564.240 Z=0.431), Max=(X=929.157 Y=664.023 Z=168.926) RuntimeGrid:None EditorOnly:0 RuntimeOnly:0 HLODRelevant:0
 |   |   |- Guid:8DB27F154F15350DF7BFBBB79DC32DAA BaseClass: NativeClass:/Script/Engine.SkeletalMeshActor Name:SkeletalMeshActor_UAID_B00CD162E1E7315902_1801793162 Label:Anim_GetUp04 SpatiallyLoaded:1 Bounds:IsValid=true, Min=(X=3759.707 Y=470.952 Z=-8.651), Max=(X=3843.806 Y=659.745 Z=38.721) RuntimeGrid:None EditorOnly:0 RuntimeOnly:0 HLODRelevant:0
 |   |   |- Guid:A6133ABD4F21555ADDFDF68BDE192BE7 BaseClass: NativeClass:/Script/Engine.SkeletalMeshActor Name:SkeletalMeshActor_UAID_B00CD162E1E7315902_1626479137 Label:Anim_DodgeCounter01 SpatiallyLoaded:1 Bounds:IsValid=true, Min=(X=453.506 Y=5762.774 Z=-0.024), Max=(X=552.756 Y=5850.076 Z=115.067) RuntimeGrid:None EditorOnly:0 RuntimeOnly:0 HLODRelevant:0
 |   |   |- Guid:A771728444CE0A5C79598EAE9B8B6AC3 BaseClass: NativeClass:/Script/Engine.SkeletalMeshActor Name:SkeletalMeshActor_UAID_B00CD162E1E7315902_1666364147 Label:Anim_DodgeCounter11 SpatiallyLoaded:1 Bounds:IsValid=true, Min=(X=1273.713 Y=6764.076 Z=-0.405), Max=(X=1337.170 Y=6911.197 Z=114.814) RuntimeGrid:None EditorOnly:0 RuntimeOnly:0 HLODRelevant:0
 |   |   |- Guid:A8B68B12409759D9F151879FDC7E69E5 BaseClass: NativeClass:/Script/Engine.SkeletalMeshActor Name:SkeletalMeshActor_UAID_B00CD162E1E7315902_1628607138 Label:Anim_DodgeCounter02 SpatiallyLoaded:1 Bounds:IsValid=true, Min=(X=847.267 Y=5762.759 Z=-0.030), Max=(X=946.931 Y=5850.081 Z=115.067) RuntimeGrid:None EditorOnly:0 RuntimeOnly:0 HLODRelevant:0
 |   |   |- Guid:AABA632E46B9A1093A3EDDBF0BE695ED BaseClass: NativeClass:/Script/Engine.SkeletalMeshActor Name:SkeletalMeshActor_UAID_B00CD162E1E7315902_1506003118 Label:Anim_Combo16 SpatiallyLoaded:1 Bounds:IsValid=true, Min=(X=1672.154 Y=2054.242 Z=0.432), Max=(X=1729.161 Y=2154.025 Z=168.924) RuntimeGrid:None EditorOnly:0 RuntimeOnly:0 HLODRelevant:0
 |   |   |- Guid:B078AA5A440358EFC7364D9AE8DDE14D BaseClass: NativeClass:/Script/Engine.SkeletalMeshActor Name:SkeletalMeshActor_UAID_B00CD162E1E7315902_1477076111 Label:Anim_Combo09 SpatiallyLoaded:1 Bounds:IsValid=true, Min=(X=470.828 Y=1544.234 Z=0.437), Max=(X=527.851 Y=1644.278 Z=168.925) RuntimeGrid:None EditorOnly:0 RuntimeOnly:0 HLODRelevant:0
 |   |   |- Guid:B632A4D2444638579B5C89BA5839362D BaseClass: NativeClass:/Script/Engine.SkeletalMeshActor Name:SkeletalMeshActor_UAID_B00CD162E1E7315902_1503725117 Label:Anim_Combo15 SpatiallyLoaded:1 Bounds:IsValid=true, Min=(X=1270.828 Y=2054.234 Z=0.437), Max=(X=1327.854 Y=2154.277 Z=168.924) RuntimeGrid:None EditorOnly:0 RuntimeOnly:0 HLODRelevant:0
 |   |   |- Guid:BBC99BDF4971FCE66D26B5A1D70F5EDE BaseClass: NativeClass:/Script/Engine.SkeletalMeshActor Name:SkeletalMeshActor_UAID_B00CD162E1E7315902_1537145127 Label:Anim_Combo25 SpatiallyLoaded:1 Bounds:IsValid=true, Min=(X=470.488 Y=3544.745 Z=-0.297), Max=(X=529.297 Y=3646.013 Z=121.715) RuntimeGrid:None EditorOnly:0 RuntimeOnly:0 HLODRelevant:0
 |   |   |- Guid:BDEA95304FECB0E1B91319B4DB326E2A BaseClass: NativeClass:/Script/Engine.SkeletalMeshActor Name:SkeletalMeshActor_UAID_B00CD162E1E7315902_1522616123 Label:Anim_Combo21 SpatiallyLoaded:1 Bounds:IsValid=true, Min=(X=470.488 Y=3044.745 Z=-0.297), Max=(X=529.297 Y=3146.014 Z=121.715) RuntimeGrid:None EditorOnly:0 RuntimeOnly:0 HLODRelevant:0
 |   |   |- Guid:BEB549284E2F5B31B43D1C85E0FCBF26 BaseClass: NativeClass:/Script/Engine.SkeletalMeshActor Name:SkeletalMeshActor_UAID_B00CD162E1E7315902_1492713113 Label:Anim_Combo11 SpatiallyLoaded:1 Bounds:IsValid=true, Min=(X=1270.828 Y=1564.235 Z=0.437), Max=(X=1327.851 Y=1664.278 Z=168.925) RuntimeGrid:None EditorOnly:0 RuntimeOnly:0 HLODRelevant:0
 |   |   |- Guid:C1C7504A4242A7C656087785B8B81E61 BaseClass: NativeClass:/Script/Engine.SkeletalMeshActor Name:SkeletalMeshActor_UAID_B00CD162E1E7315902_1685034152 Label:Anim_DodgeCounter16 SpatiallyLoaded:1 Bounds:IsValid=true, Min=(X=1662.547 Y=7357.709 Z=-0.613), Max=(X=1730.423 Y=7493.668 Z=132.053) RuntimeGrid:None EditorOnly:0 RuntimeOnly:0 HLODRelevant:0
 |   |   |- Guid:C74784454CA18693F8E6618FA05C6603 BaseClass: NativeClass:/Script/Engine.SkeletalMeshActor Name:SkeletalMeshActor_UAID_B00CD162E1E7315902_1678348149 Label:Anim_DodgeCounter13 SpatiallyLoaded:1 Bounds:IsValid=true, Min=(X=469.581 Y=7357.697 Z=-0.604), Max=(X=537.460 Y=7493.655 Z=132.050) RuntimeGrid:None EditorOnly:0 RuntimeOnly:0 HLODRelevant:0
 |   |   |- Guid:C91D196B4D05AA5D2E12A1B42AD82C1E BaseClass: NativeClass:/Script/Engine.SkeletalMeshActor Name:SkeletalMeshActor_UAID_B00CD162E1E7315902_1529497125 Label:Anim_Combo23 SpatiallyLoaded:1 Bounds:IsValid=true, Min=(X=1270.488 Y=3044.745 Z=-0.297), Max=(X=1329.298 Y=3146.013 Z=121.716) RuntimeGrid:None EditorOnly:0 RuntimeOnly:0 HLODRelevant:0
 |   |   |- Guid:D1EF45064CADD28BBCF546AA3707F01D BaseClass: NativeClass:/Script/Engine.SkeletalMeshActor Name:SkeletalMeshActor_UAID_B00CD162E1E7315902_1631647139 Label:Anim_DodgeCounter03 SpatiallyLoaded:1 Bounds:IsValid=true, Min=(X=1253.506 Y=5762.774 Z=-0.024), Max=(X=1352.756 Y=5850.076 Z=115.067) RuntimeGrid:None EditorOnly:0 RuntimeOnly:0 HLODRelevant:0
 |   |   |- Guid:D2D9A32A4662B4243F26FAA9C8A11A19 BaseClass: NativeClass:/Script/Engine.SkeletalMeshActor Name:SkeletalMeshActor_UAID_B00CD162E1E7315902_1716940157 Label:Anim_DodgeCounter21 SpatiallyLoaded:1 Bounds:IsValid=true, Min=(X=469.582 Y=8557.707 Z=-0.609), Max=(X=537.461 Y=8693.655 Z=132.050) RuntimeGrid:None EditorOnly:0 RuntimeOnly:0 HLODRelevant:0
 |   |   |- Guid:DA0E528640FD55D387A1B98FF56CD45B BaseClass: NativeClass:/Script/Engine.SkeletalMeshActor Name:SkeletalMeshActor_UAID_B00CD162E1E7315902_1468823108 Label:Anim_Combo06 SpatiallyLoaded:1 Bounds:IsValid=true, Min=(X=872.154 Y=1054.242 Z=0.432), Max=(X=929.161 Y=1154.027 Z=168.926) RuntimeGrid:None EditorOnly:0 RuntimeOnly:0 HLODRelevant:0
 |   |   |- Guid:DE5F45AE48D714DCFE7DFEBA794DA17D BaseClass: NativeClass:/Script/Engine.SkeletalMeshActor Name:SkeletalMeshActor_UAID_B00CD162E1E7315902_1445059105 Label:Anim_Combo03 SpatiallyLoaded:1 Bounds:IsValid=true, Min=(X=1270.828 Y=564.235 Z=0.437), Max=(X=1327.851 Y=664.277 Z=168.925) RuntimeGrid:None EditorOnly:0 RuntimeOnly:0 HLODRelevant:0
 |   |   |- Guid:E340425D4063B0EB3736DD887B300F9B BaseClass: NativeClass:/Script/Engine.SkeletalMeshActor Name:SkeletalMeshActor_UAID_B00CD162E1E7315902_1811778166 Label:Anim_GetUp08 SpatiallyLoaded:1 Bounds:IsValid=true, Min=(X=3760.505 Y=922.923 Z=-2.320), Max=(X=3842.666 Y=1103.794 Z=41.145) RuntimeGrid:None EditorOnly:0 RuntimeOnly:0 HLODRelevant:0
 |   |   |- Guid:E4ACF0FB4C1459C782E920BF55651D9E BaseClass: NativeClass:/Script/Engine.SkeletalMeshActor Name:SkeletalMeshActor_UAID_B00CD162E1E7315902_1509531119 Label:Anim_Combo17 SpatiallyLoaded:1 Bounds:IsValid=true, Min=(X=470.828 Y=2554.234 Z=0.437), Max=(X=527.854 Y=2654.277 Z=168.925) RuntimeGrid:None EditorOnly:0 RuntimeOnly:0 HLODRelevant:0
 |   |   |- Guid:E58D25CE4B9D95D01253DA8221D92A03 BaseClass: NativeClass:/Script/Engine.SkeletalMeshActor Name:SkeletalMeshActor_UAID_B00CD162E1E7315902_1605613133 Label:Anim_Dodge05 SpatiallyLoaded:1 Bounds:IsValid=true, Min=(X=470.828 Y=4954.234 Z=0.437), Max=(X=527.851 Y=5054.278 Z=168.925) RuntimeGrid:None EditorOnly:0 RuntimeOnly:0 HLODRelevant:0
 |   |   |- Guid:E617C8094574C49E01AF468909EA0532 BaseClass: NativeClass:/Script/Engine.SkeletalMeshActor Name:SkeletalMeshActor_UAID_B00CD162E1E7315902_1517032122 Label:Anim_Combo20 SpatiallyLoaded:1 Bounds:IsValid=true, Min=(X=1670.777 Y=2544.729 Z=-0.289), Max=(X=1729.549 Y=2646.015 Z=121.712) RuntimeGrid:None EditorOnly:0 RuntimeOnly:0 HLODRelevant:0
 |   |   |- Guid:E868721D4B219405C9699598AF9E497B BaseClass: NativeClass:/Script/Engine.SkeletalMeshActor Name:SkeletalMeshActor_UAID_B00CD162E1E7315902_1598895131 Label:Anim_Dodge03 SpatiallyLoaded:1 Bounds:IsValid=true, Min=(X=1270.784 Y=4554.285 Z=0.438), Max=(X=1327.851 Y=4654.278 Z=168.925) RuntimeGrid:None EditorOnly:0 RuntimeOnly:0 HLODRelevant:0
 |   |   |- Guid:F1924B8D48954B30891B2DB6A694F9CC BaseClass: NativeClass:/Script/Engine.StaticMeshActor Name:StaticMeshActor_1 Label:SM_Cube SpatiallyLoaded:1 Bounds:IsValid=true, Min=(X=0.000 Y=0.000 Z=-50.000), Max=(X=10000.000 Y=10000.000 Z=0.000) RuntimeGrid:None EditorOnly:0 RuntimeOnly:0 HLODRelevant:1 FolderPath:Playground FolderGuid:C73F09FC4215536B1DCE2A9E0A830C70
 |   |   |- Guid:F224343042AD9A8F241E2D8F0D210B12 BaseClass: NativeClass:/Script/Engine.SkeletalMeshActor Name:SkeletalMeshActor_UAID_B00CD162E1E7315902_1712295155 Label:Anim_DodgeCounter19 SpatiallyLoaded:1 Bounds:IsValid=true, Min=(X=1244.998 Y=7954.200 Z=-0.310), Max=(X=1342.706 Y=8043.472 Z=121.348) RuntimeGrid:None EditorOnly:0 RuntimeOnly:0 HLODRelevant:0
 |   |   |- Guid:F52433DA47DD920324DBF6BBD3C717E9 BaseClass: NativeClass:/Script/Engine.SkeletalMeshActor Name:SkeletalMeshActor_UAID_B00CD162E1E7315902_1472988110 Label:Anim_Combo08 SpatiallyLoaded:1 Bounds:IsValid=true, Min=(X=1682.155 Y=1054.238 Z=0.433), Max=(X=1739.162 Y=1154.030 Z=168.924) RuntimeGrid:None EditorOnly:0 RuntimeOnly:0 HLODRelevant:0
 |   |   |- Guid:F57BC728462951DE037B62965A6A8204 BaseClass: NativeClass:/Script/Engine.SkeletalMeshActor Name:SkeletalMeshActor_UAID_B00CD162E1E7315902_1637431141 Label:Anim_DodgeCounter05 SpatiallyLoaded:1 Bounds:IsValid=true, Min=(X=444.998 Y=6254.200 Z=-0.310), Max=(X=542.706 Y=6343.472 Z=121.348) RuntimeGrid:None EditorOnly:0 RuntimeOnly:0 HLODRelevant:0
 |   |   |- Guid:F678A60444049A55373BBEA3A457D642 BaseClass: NativeClass:/Script/Engine.SkeletalMeshActor Name:SkeletalMeshActor_UAID_B00CD162E1E7315902_1664439146 Label:Anim_DodgeCounter10 SpatiallyLoaded:1 Bounds:IsValid=true, Min=(X=862.820 Y=6754.077 Z=-0.406), Max=(X=926.312 Y=6900.944 Z=114.813) RuntimeGrid:None EditorOnly:0 RuntimeOnly:0 HLODRelevant:0
 |   |   |- Guid:FF6938EE4F927998D1BB058BB66C679B BaseClass: NativeClass:/Script/Engine.SkeletalMeshActor Name:SkeletalMeshActor_UAID_B00CD162E1E7315902_1809211165 Label:Anim_GetUp07 SpatiallyLoaded:1 Bounds:IsValid=true, Min=(X=3457.634 Y=922.923 Z=-2.347), Max=(X=3539.760 Y=1103.795 Z=41.145) RuntimeGrid:None EditorOnly:0 RuntimeOnly:0 HLODRelevant:0
 |   |- [+] Clusters:
 |   |   |- [+] [  0]
 |   |   |   |- Guid:09EEC8504780E08D60709586CB50612F BaseClass: NativeClass:/Script/Engine.SkyLight Name:SkyLight_UAID_B00CD162E1E7AB5502_1395518352 Label:SkyLight SpatiallyLoaded:0 Bounds:IsValid=true, Min=(X=0.000 Y=0.000 Z=0.000), Max=(X=0.000 Y=0.000 Z=0.000) RuntimeGrid:None EditorOnly:0 RuntimeOnly:0 HLODRelevant:0
 |   |   |- [+] [  1]
 |   |   |   |- Guid:597614304B9E4B33DCDD908453E0889D BaseClass: NativeClass:/Script/Engine.VolumetricCloud Name:VolumetricCloud_UAID_B00CD162E1E7AB5502_1396543355 Label:VolumetricCloud SpatiallyLoaded:0 Bounds:IsValid=true, Min=(X=0.000 Y=0.000 Z=0.000), Max=(X=0.000 Y=0.000 Z=0.000) RuntimeGrid:None EditorOnly:0 RuntimeOnly:0 HLODRelevant:0
 |   |   |- [+] [  2]
 |   |   |   |- Guid:36D66B85461DE5359631D5B5370CE8B0 BaseClass: NativeClass:/Script/Engine.ExponentialHeightFog Name:ExponentialHeightFog_UAID_B00CD162E1E7AB5502_1397099356 Label:ExponentialHeightFog SpatiallyLoaded:0 Bounds:IsValid=true, Min=(X=0.000 Y=0.000 Z=0.000), Max=(X=0.000 Y=0.000 Z=0.000) RuntimeGrid:None EditorOnly:0 RuntimeOnly:0 HLODRelevant:0
 |   |   |- [+] [  3]
 |   |   |   |- Guid:5B97F4A64FB21F77EFC44386BF705B4C BaseClass: NativeClass:/Script/Engine.TextRenderActor Name:TextRenderActor_1 Label:TextRenderActor SpatiallyLoaded:1 Bounds:IsValid=true, Min=(X=-0.100 Y=1100.000 Z=65.013), Max=(X=-0.100 Y=2392.308 Z=215.013) RuntimeGrid:None EditorOnly:0 RuntimeOnly:0 HLODRelevant:0
 |   |   |- [+] [  4]
 |   |   |   |- Guid:6BAF4DDD444C60371492D3919DB42C97 BaseClass: NativeClass:/Script/Engine.WorldDataLayers Name:WorldDataLayers Label:WorldDataLayers SpatiallyLoaded:0 Bounds:IsValid=true, Min=(X=0.000 Y=0.000 Z=0.000), Max=(X=0.000 Y=0.000 Z=0.000) RuntimeGrid:None EditorOnly:0 RuntimeOnly:0 HLODRelevant:0
 |   |   |- [+] [  5]
 |   |   |   |- Guid:506E3BF340CBC2718325F38950123B49 BaseClass: NativeClass:/Script/Engine.SkyAtmosphere Name:SkyAtmosphere_UAID_B00CD162E1E7AB5502_1396199354 Label:SkyAtmosphere SpatiallyLoaded:0 Bounds:IsValid=true, Min=(X=0.000 Y=0.000 Z=0.000), Max=(X=0.000 Y=0.000 Z=0.000) RuntimeGrid:None EditorOnly:0 RuntimeOnly:0 HLODRelevant:0
 |   |   |- [+] [  6]
 |   |   |   |- Guid:F1924B8D48954B30891B2DB6A694F9CC BaseClass: NativeClass:/Script/Engine.StaticMeshActor Name:StaticMeshActor_1 Label:SM_Cube SpatiallyLoaded:1 Bounds:IsValid=true, Min=(X=0.000 Y=0.000 Z=-50.000), Max=(X=10000.000 Y=10000.000 Z=0.000) RuntimeGrid:None EditorOnly:0 RuntimeOnly:0 HLODRelevant:1 FolderPath:Playground FolderGuid:C73F09FC4215536B1DCE2A9E0A830C70
 |   |   |- [+] [  7]
 |   |   |   |- Guid:3A00AA1C422CE54C0BDB60BAF471BFBB BaseClass: NativeClass:/Script/Engine.PlayerStart Name:PlayerStart_0 Label:PlayerStart SpatiallyLoaded:0 Bounds:IsValid=true, Min=(X=860.000 Y=1070.000 Z=0.013), Max=(X=940.000 Y=1150.000 Z=184.013) RuntimeGrid:None EditorOnly:0 RuntimeOnly:0 HLODRelevant:0
 |   |   |- [+] [  8]
 |   |   |   |- Guid:6C5CCF774A40337CE14ED590D0681E65 BaseClass: NativeClass:/Script/Engine.DirectionalLight Name:DirectionalLight_UAID_B00CD162E1E7AB5502_1395856353 Label:DirectionalLight SpatiallyLoaded:0 Bounds:IsValid=true, Min=(X=-4398046511104.000 Y=-4398046511104.000 Z=-4398046511104.000), Max=(X=4398046511104.000 Y=4398046511104.000 Z=4398046511104.000) RuntimeGrid:None EditorOnly:0 RuntimeOnly:0 HLODRelevant:0
 |   |   |- [+] [  9]
 |   |   |   |- Guid:20E289A14CC7E766704BDAA0B0F69495 BaseClass: NativeClass:/Script/Engine.SkeletalMeshActor Name:SkeletalMeshActor_UAID_B00CD162E1E7315902_1438039103 Label:Anim_Combo01 SpatiallyLoaded:1 Bounds:IsValid=true, Min=(X=470.828 Y=554.234 Z=0.437), Max=(X=527.853 Y=654.277 Z=168.925) RuntimeGrid:None EditorOnly:0 RuntimeOnly:0 HLODRelevant:0
 |   |   |- [+] [ 10]
 |   |   |   |- Guid:8D166C8B4626E6A5E5688E965CCD4D22 BaseClass: NativeClass:/Script/Engine.SkeletalMeshActor Name:SkeletalMeshActor_UAID_B00CD162E1E7315902_1442546104 Label:Anim_Combo02 SpatiallyLoaded:1 Bounds:IsValid=true, Min=(X=872.155 Y=564.240 Z=0.431), Max=(X=929.157 Y=664.023 Z=168.926) RuntimeGrid:None EditorOnly:0 RuntimeOnly:0 HLODRelevant:0
 |   |   |- [+] [ 11]
 |   |   |   |- Guid:DE5F45AE48D714DCFE7DFEBA794DA17D BaseClass: NativeClass:/Script/Engine.SkeletalMeshActor Name:SkeletalMeshActor_UAID_B00CD162E1E7315902_1445059105 Label:Anim_Combo03 SpatiallyLoaded:1 Bounds:IsValid=true, Min=(X=1270.828 Y=564.235 Z=0.437), Max=(X=1327.851 Y=664.277 Z=168.925) RuntimeGrid:None EditorOnly:0 RuntimeOnly:0 HLODRelevant:0
 |   |   |- [+] [ 12]
 |   |   |   |- Guid:1E603ADD47B8CC9CB9A8408651517E7D BaseClass: NativeClass:/Script/Engine.SkeletalMeshActor Name:SkeletalMeshActor_UAID_B00CD162E1E7315902_1447798106 Label:Anim_Combo04 SpatiallyLoaded:1 Bounds:IsValid=true, Min=(X=1672.154 Y=554.241 Z=0.432), Max=(X=1729.161 Y=654.025 Z=168.926) RuntimeGrid:None EditorOnly:0 RuntimeOnly:0 HLODRelevant:0
 |   |   |- [+] [ 13]
 |   |   |   |- Guid:64A565E047CE103FA52FCFAD30077F12 BaseClass: NativeClass:/Script/Engine.SkeletalMeshActor Name:SkeletalMeshActor_UAID_B00CD162E1E7315902_1466300107 Label:Anim_Combo05 SpatiallyLoaded:1 Bounds:IsValid=true, Min=(X=470.828 Y=1054.234 Z=0.437), Max=(X=527.853 Y=1154.277 Z=168.925) RuntimeGrid:None EditorOnly:0 RuntimeOnly:0 HLODRelevant:0
 |   |   |- [+] [ 14]
 |   |   |   |- Guid:DA0E528640FD55D387A1B98FF56CD45B BaseClass: NativeClass:/Script/Engine.SkeletalMeshActor Name:SkeletalMeshActor_UAID_B00CD162E1E7315902_1468823108 Label:Anim_Combo06 SpatiallyLoaded:1 Bounds:IsValid=true, Min=(X=872.154 Y=1054.242 Z=0.432), Max=(X=929.161 Y=1154.027 Z=168.926) RuntimeGrid:None EditorOnly:0 RuntimeOnly:0 HLODRelevant:0
 |   |   |- [+] [ 15]
 |   |   |   |- Guid:57036DBE46DFD6FAE36454A1C2447174 BaseClass: NativeClass:/Script/Engine.SkeletalMeshActor Name:SkeletalMeshActor_UAID_B00CD162E1E7315902_1471075109 Label:Anim_Combo07 SpatiallyLoaded:1 Bounds:IsValid=true, Min=(X=1270.828 Y=1064.234 Z=0.437), Max=(X=1327.851 Y=1164.278 Z=168.925) RuntimeGrid:None EditorOnly:0 RuntimeOnly:0 HLODRelevant:0
 |   |   |- [+] [ 16]
 |   |   |   |- Guid:F52433DA47DD920324DBF6BBD3C717E9 BaseClass: NativeClass:/Script/Engine.SkeletalMeshActor Name:SkeletalMeshActor_UAID_B00CD162E1E7315902_1472988110 Label:Anim_Combo08 SpatiallyLoaded:1 Bounds:IsValid=true, Min=(X=1682.155 Y=1054.238 Z=0.433), Max=(X=1739.162 Y=1154.030 Z=168.924) RuntimeGrid:None EditorOnly:0 RuntimeOnly:0 HLODRelevant:0
 |   |   |- [+] [ 17]
 |   |   |   |- Guid:B078AA5A440358EFC7364D9AE8DDE14D BaseClass: NativeClass:/Script/Engine.SkeletalMeshActor Name:SkeletalMeshActor_UAID_B00CD162E1E7315902_1477076111 Label:Anim_Combo09 SpatiallyLoaded:1 Bounds:IsValid=true, Min=(X=470.828 Y=1544.234 Z=0.437), Max=(X=527.851 Y=1644.278 Z=168.925) RuntimeGrid:None EditorOnly:0 RuntimeOnly:0 HLODRelevant:0
 |   |   |- [+] [ 18]
 |   |   |   |- Guid:00FBA02A4D7656E94D9649B9F342968D BaseClass: NativeClass:/Script/Engine.SkeletalMeshActor Name:SkeletalMeshActor_UAID_B00CD162E1E7315902_1489095112 Label:Anim_Combo10 SpatiallyLoaded:1 Bounds:IsValid=true, Min=(X=872.154 Y=1554.241 Z=0.432), Max=(X=929.161 Y=1654.026 Z=168.926) RuntimeGrid:None EditorOnly:0 RuntimeOnly:0 HLODRelevant:0
 |   |   |- [+] [ 19]
 |   |   |   |- Guid:BEB549284E2F5B31B43D1C85E0FCBF26 BaseClass: NativeClass:/Script/Engine.SkeletalMeshActor Name:SkeletalMeshActor_UAID_B00CD162E1E7315902_1492713113 Label:Anim_Combo11 SpatiallyLoaded:1 Bounds:IsValid=true, Min=(X=1270.828 Y=1564.235 Z=0.437), Max=(X=1327.851 Y=1664.278 Z=168.925) RuntimeGrid:None EditorOnly:0 RuntimeOnly:0 HLODRelevant:0
 |   |   |- [+] [ 20]
 |   |   |   |- Guid:1AF842CE4652CD3D78DCDE908D4829A6 BaseClass: NativeClass:/Script/Engine.SkeletalMeshActor Name:SkeletalMeshActor_UAID_B00CD162E1E7315902_1494982114 Label:Anim_Combo12 SpatiallyLoaded:1 Bounds:IsValid=true, Min=(X=1672.154 Y=1554.243 Z=0.435), Max=(X=1729.161 Y=1654.028 Z=168.926) RuntimeGrid:None EditorOnly:0 RuntimeOnly:0 HLODRelevant:0
 |   |   |- [+] [ 21]
 |   |   |   |- Guid:8C0D02AC40A6644277A266B64EE5A9B8 BaseClass: NativeClass:/Script/Engine.SkeletalMeshActor Name:SkeletalMeshActor_UAID_B00CD162E1E7315902_1499371115 Label:Anim_Combo13 SpatiallyLoaded:1 Bounds:IsValid=true, Min=(X=470.828 Y=2054.234 Z=0.437), Max=(X=527.853 Y=2154.276 Z=168.925) RuntimeGrid:None EditorOnly:0 RuntimeOnly:0 HLODRelevant:0
 |   |   |- [+] [ 22]
 |   |   |   |- Guid:21369D65467DD433E27941BCA67E926F BaseClass: NativeClass:/Script/Engine.SkeletalMeshActor Name:SkeletalMeshActor_UAID_B00CD162E1E7315902_1501870116 Label:Anim_Combo14 SpatiallyLoaded:1 Bounds:IsValid=true, Min=(X=882.155 Y=2064.242 Z=0.432), Max=(X=939.161 Y=2164.024 Z=168.926) RuntimeGrid:None EditorOnly:0 RuntimeOnly:0 HLODRelevant:0
 |   |   |- [+] [ 23]
 |   |   |   |- Guid:B632A4D2444638579B5C89BA5839362D BaseClass: NativeClass:/Script/Engine.SkeletalMeshActor Name:SkeletalMeshActor_UAID_B00CD162E1E7315902_1503725117 Label:Anim_Combo15 SpatiallyLoaded:1 Bounds:IsValid=true, Min=(X=1270.828 Y=2054.234 Z=0.437), Max=(X=1327.854 Y=2154.277 Z=168.924) RuntimeGrid:None EditorOnly:0 RuntimeOnly:0 HLODRelevant:0
 |   |   |- [+] [ 24]
 |   |   |   |- Guid:AABA632E46B9A1093A3EDDBF0BE695ED BaseClass: NativeClass:/Script/Engine.SkeletalMeshActor Name:SkeletalMeshActor_UAID_B00CD162E1E7315902_1506003118 Label:Anim_Combo16 SpatiallyLoaded:1 Bounds:IsValid=true, Min=(X=1672.154 Y=2054.242 Z=0.432), Max=(X=1729.161 Y=2154.025 Z=168.924) RuntimeGrid:None EditorOnly:0 RuntimeOnly:0 HLODRelevant:0
 |   |   |- [+] [ 25]
 |   |   |   |- Guid:E4ACF0FB4C1459C782E920BF55651D9E BaseClass: NativeClass:/Script/Engine.SkeletalMeshActor Name:SkeletalMeshActor_UAID_B00CD162E1E7315902_1509531119 Label:Anim_Combo17 SpatiallyLoaded:1 Bounds:IsValid=true, Min=(X=470.828 Y=2554.234 Z=0.437), Max=(X=527.854 Y=2654.277 Z=168.925) RuntimeGrid:None EditorOnly:0 RuntimeOnly:0 HLODRelevant:0
 |   |   |- [+] [ 26]
 |   |   |   |- Guid:767410534F27A02CBCB5B99478D5A92C BaseClass: NativeClass:/Script/Engine.SkeletalMeshActor Name:SkeletalMeshActor_UAID_B00CD162E1E7315902_1512461120 Label:Anim_Combo18 SpatiallyLoaded:1 Bounds:IsValid=true, Min=(X=872.155 Y=2554.238 Z=0.431), Max=(X=929.158 Y=2654.024 Z=168.926) RuntimeGrid:None EditorOnly:0 RuntimeOnly:0 HLODRelevant:0
 |   |   |- [+] [ 27]
 |   |   |   |- Guid:1C1A87AC41F7399818F9E0BF761338C6 BaseClass: NativeClass:/Script/Engine.SkeletalMeshActor Name:SkeletalMeshActor_UAID_B00CD162E1E7315902_1514612121 Label:Anim_Combo19 SpatiallyLoaded:1 Bounds:IsValid=true, Min=(X=1270.487 Y=2544.745 Z=-0.296), Max=(X=1329.297 Y=2646.014 Z=121.715) RuntimeGrid:None EditorOnly:0 RuntimeOnly:0 HLODRelevant:0
 |   |   |- [+] [ 28]
 |   |   |   |- Guid:E617C8094574C49E01AF468909EA0532 BaseClass: NativeClass:/Script/Engine.SkeletalMeshActor Name:SkeletalMeshActor_UAID_B00CD162E1E7315902_1517032122 Label:Anim_Combo20 SpatiallyLoaded:1 Bounds:IsValid=true, Min=(X=1670.777 Y=2544.729 Z=-0.289), Max=(X=1729.549 Y=2646.015 Z=121.712) RuntimeGrid:None EditorOnly:0 RuntimeOnly:0 HLODRelevant:0
 |   |   |- [+] [ 29]
 |   |   |   |- Guid:BDEA95304FECB0E1B91319B4DB326E2A BaseClass: NativeClass:/Script/Engine.SkeletalMeshActor Name:SkeletalMeshActor_UAID_B00CD162E1E7315902_1522616123 Label:Anim_Combo21 SpatiallyLoaded:1 Bounds:IsValid=true, Min=(X=470.488 Y=3044.745 Z=-0.297), Max=(X=529.297 Y=3146.014 Z=121.715) RuntimeGrid:None EditorOnly:0 RuntimeOnly:0 HLODRelevant:0
 |   |   |- [+] [ 30]
 |   |   |   |- Guid:8BEFE8F9437A9F9478DAF99AF06D7B98 BaseClass: NativeClass:/Script/Engine.SkeletalMeshActor Name:SkeletalMeshActor_UAID_B00CD162E1E7315902_1527208124 Label:Anim_Combo22 SpatiallyLoaded:1 Bounds:IsValid=true, Min=(X=870.777 Y=3044.729 Z=-0.288), Max=(X=929.549 Y=3146.015 Z=121.711) RuntimeGrid:None EditorOnly:0 RuntimeOnly:0 HLODRelevant:0
 |   |   |- [+] [ 31]
 |   |   |   |- Guid:C91D196B4D05AA5D2E12A1B42AD82C1E BaseClass: NativeClass:/Script/Engine.SkeletalMeshActor Name:SkeletalMeshActor_UAID_B00CD162E1E7315902_1529497125 Label:Anim_Combo23 SpatiallyLoaded:1 Bounds:IsValid=true, Min=(X=1270.488 Y=3044.745 Z=-0.297), Max=(X=1329.298 Y=3146.013 Z=121.716) RuntimeGrid:None EditorOnly:0 RuntimeOnly:0 HLODRelevant:0
 |   |   |- [+] [ 32]
 |   |   |   |- Guid:1023B0984209669561616BAD1347705D BaseClass: NativeClass:/Script/Engine.SkeletalMeshActor Name:SkeletalMeshActor_UAID_B00CD162E1E7315902_1531772126 Label:Anim_Combo24 SpatiallyLoaded:1 Bounds:IsValid=true, Min=(X=1680.777 Y=3044.729 Z=-0.288), Max=(X=1739.549 Y=3146.014 Z=121.712) RuntimeGrid:None EditorOnly:0 RuntimeOnly:0 HLODRelevant:0
 |   |   |- [+] [ 33]
 |   |   |   |- Guid:BBC99BDF4971FCE66D26B5A1D70F5EDE BaseClass: NativeClass:/Script/Engine.SkeletalMeshActor Name:SkeletalMeshActor_UAID_B00CD162E1E7315902_1537145127 Label:Anim_Combo25 SpatiallyLoaded:1 Bounds:IsValid=true, Min=(X=470.488 Y=3544.745 Z=-0.297), Max=(X=529.297 Y=3646.013 Z=121.715) RuntimeGrid:None EditorOnly:0 RuntimeOnly:0 HLODRelevant:0
 |   |   |- [+] [ 34]
 |   |   |   |- Guid:358C1E00440ADDC0AAD6679848D8C6F2 BaseClass: NativeClass:/Script/Engine.SkeletalMeshActor Name:SkeletalMeshActor_UAID_B00CD162E1E7315902_1539250128 Label:Anim_Combo26 SpatiallyLoaded:1 Bounds:IsValid=true, Min=(X=870.776 Y=3544.729 Z=-0.289), Max=(X=929.549 Y=3646.015 Z=121.712) RuntimeGrid:None EditorOnly:0 RuntimeOnly:0 HLODRelevant:0
 |   |   |- [+] [ 35]
 |   |   |   |- Guid:06694B9642CB91D05714F5BA16CA7A59 BaseClass: NativeClass:/Script/Engine.SkeletalMeshActor Name:SkeletalMeshActor_UAID_B00CD162E1E7315902_1593430129 Label:Anim_Dodge01 SpatiallyLoaded:1 Bounds:IsValid=true, Min=(X=480.790 Y=4544.279 Z=0.438), Max=(X=537.851 Y=4644.278 Z=168.925) RuntimeGrid:None EditorOnly:0 RuntimeOnly:0 HLODRelevant:0
 |   |   |- [+] [ 36]
 |   |   |   |- Guid:041E766F4EE8FD7DFA2552B9EE5C2C64 BaseClass: NativeClass:/Script/Engine.SkeletalMeshActor Name:SkeletalMeshActor_UAID_B00CD162E1E7315902_1597050130 Label:Anim_Dodge02 SpatiallyLoaded:1 Bounds:IsValid=true, Min=(X=872.154 Y=4564.242 Z=0.432), Max=(X=929.161 Y=4664.026 Z=168.926) RuntimeGrid:None EditorOnly:0 RuntimeOnly:0 HLODRelevant:0
 |   |   |- [+] [ 37]
 |   |   |   |- Guid:E868721D4B219405C9699598AF9E497B BaseClass: NativeClass:/Script/Engine.SkeletalMeshActor Name:SkeletalMeshActor_UAID_B00CD162E1E7315902_1598895131 Label:Anim_Dodge03 SpatiallyLoaded:1 Bounds:IsValid=true, Min=(X=1270.784 Y=4554.285 Z=0.438), Max=(X=1327.851 Y=4654.278 Z=168.925) RuntimeGrid:None EditorOnly:0 RuntimeOnly:0 HLODRelevant:0
 |   |   |- [+] [ 38]
 |   |   |   |- Guid:684C96F34AEB68AA76277CA729B24EC2 BaseClass: NativeClass:/Script/Engine.SkeletalMeshActor Name:SkeletalMeshActor_UAID_B00CD162E1E7315902_1601643132 Label:Anim_Dodge04 SpatiallyLoaded:1 Bounds:IsValid=true, Min=(X=1672.154 Y=4554.243 Z=0.436), Max=(X=1729.161 Y=4654.028 Z=168.926) RuntimeGrid:None EditorOnly:0 RuntimeOnly:0 HLODRelevant:0
 |   |   |- [+] [ 39]
 |   |   |   |- Guid:E58D25CE4B9D95D01253DA8221D92A03 BaseClass: NativeClass:/Script/Engine.SkeletalMeshActor Name:SkeletalMeshActor_UAID_B00CD162E1E7315902_1605613133 Label:Anim_Dodge05 SpatiallyLoaded:1 Bounds:IsValid=true, Min=(X=470.828 Y=4954.234 Z=0.437), Max=(X=527.851 Y=5054.278 Z=168.925) RuntimeGrid:None EditorOnly:0 RuntimeOnly:0 HLODRelevant:0
 |   |   |- [+] [ 40]
 |   |   |   |- Guid:09D24AA345829C06C67B90A2FB480104 BaseClass: NativeClass:/Script/Engine.SkeletalMeshActor Name:SkeletalMeshActor_UAID_B00CD162E1E7315902_1607624134 Label:Anim_Dodge06 SpatiallyLoaded:1 Bounds:IsValid=true, Min=(X=872.155 Y=4954.240 Z=0.433), Max=(X=929.162 Y=5054.028 Z=168.926) RuntimeGrid:None EditorOnly:0 RuntimeOnly:0 HLODRelevant:0
 |   |   |- [+] [ 41]
 |   |   |   |- Guid:448F76BA44EDC902E74271A10E8D9EE6 BaseClass: NativeClass:/Script/Engine.SkeletalMeshActor Name:SkeletalMeshActor_UAID_B00CD162E1E7315902_1609562135 Label:Anim_Dodge07 SpatiallyLoaded:1 Bounds:IsValid=true, Min=(X=1270.828 Y=4954.234 Z=0.437), Max=(X=1327.850 Y=5054.278 Z=168.925) RuntimeGrid:None EditorOnly:0 RuntimeOnly:0 HLODRelevant:0
 |   |   |- [+] [ 42]
 |   |   |   |- Guid:5CEACD74457B0E61608A899268E78EAB BaseClass: NativeClass:/Script/Engine.SkeletalMeshActor Name:SkeletalMeshActor_UAID_B00CD162E1E7315902_1611617136 Label:Anim_Dodge08 SpatiallyLoaded:1 Bounds:IsValid=true, Min=(X=1672.154 Y=4964.241 Z=0.432), Max=(X=1729.161 Y=5064.026 Z=168.926) RuntimeGrid:None EditorOnly:0 RuntimeOnly:0 HLODRelevant:0
 |   |   |- [+] [ 43]
 |   |   |   |- Guid:A6133ABD4F21555ADDFDF68BDE192BE7 BaseClass: NativeClass:/Script/Engine.SkeletalMeshActor Name:SkeletalMeshActor_UAID_B00CD162E1E7315902_1626479137 Label:Anim_DodgeCounter01 SpatiallyLoaded:1 Bounds:IsValid=true, Min=(X=453.506 Y=5762.774 Z=-0.024), Max=(X=552.756 Y=5850.076 Z=115.067) RuntimeGrid:None EditorOnly:0 RuntimeOnly:0 HLODRelevant:0
 |   |   |- [+] [ 44]
 |   |   |   |- Guid:A8B68B12409759D9F151879FDC7E69E5 BaseClass: NativeClass:/Script/Engine.SkeletalMeshActor Name:SkeletalMeshActor_UAID_B00CD162E1E7315902_1628607138 Label:Anim_DodgeCounter02 SpatiallyLoaded:1 Bounds:IsValid=true, Min=(X=847.267 Y=5762.759 Z=-0.030), Max=(X=946.931 Y=5850.081 Z=115.067) RuntimeGrid:None EditorOnly:0 RuntimeOnly:0 HLODRelevant:0
 |   |   |- [+] [ 45]
 |   |   |   |- Guid:D1EF45064CADD28BBCF546AA3707F01D BaseClass: NativeClass:/Script/Engine.SkeletalMeshActor Name:SkeletalMeshActor_UAID_B00CD162E1E7315902_1631647139 Label:Anim_DodgeCounter03 SpatiallyLoaded:1 Bounds:IsValid=true, Min=(X=1253.506 Y=5762.774 Z=-0.024), Max=(X=1352.756 Y=5850.076 Z=115.067) RuntimeGrid:None EditorOnly:0 RuntimeOnly:0 HLODRelevant:0
 |   |   |- [+] [ 46]
 |   |   |   |- Guid:7D4EE2984728CC7BA11AA5883388C95C BaseClass: NativeClass:/Script/Engine.SkeletalMeshActor Name:SkeletalMeshActor_UAID_B00CD162E1E7315902_1634082140 Label:Anim_DodgeCounter04 SpatiallyLoaded:1 Bounds:IsValid=true, Min=(X=1647.241 Y=5762.776 Z=-0.010), Max=(X=1746.918 Y=5850.086 Z=115.057) RuntimeGrid:None EditorOnly:0 RuntimeOnly:0 HLODRelevant:0
 |   |   |- [+] [ 47]
 |   |   |   |- Guid:F57BC728462951DE037B62965A6A8204 BaseClass: NativeClass:/Script/Engine.SkeletalMeshActor Name:SkeletalMeshActor_UAID_B00CD162E1E7315902_1637431141 Label:Anim_DodgeCounter05 SpatiallyLoaded:1 Bounds:IsValid=true, Min=(X=444.998 Y=6254.200 Z=-0.310), Max=(X=542.706 Y=6343.472 Z=121.348) RuntimeGrid:None EditorOnly:0 RuntimeOnly:0 HLODRelevant:0
 |   |   |- [+] [ 48]
 |   |   |   |- Guid:3CA2BCD44F02E75A47C525A42AC3D68B BaseClass: NativeClass:/Script/Engine.SkeletalMeshActor Name:SkeletalMeshActor_UAID_B00CD162E1E7315902_1639455142 Label:Anim_DodgeCounter06 SpatiallyLoaded:1 Bounds:IsValid=true, Min=(X=857.292 Y=6254.196 Z=-0.311), Max=(X=954.997 Y=6344.007 Z=121.348) RuntimeGrid:None EditorOnly:0 RuntimeOnly:0 HLODRelevant:0
 |   |   |- [+] [ 49]
 |   |   |   |- Guid:7AE8D1BE46E77208A834DF92105C0C97 BaseClass: NativeClass:/Script/Engine.SkeletalMeshActor Name:SkeletalMeshActor_UAID_B00CD162E1E7315902_1641465143 Label:Anim_DodgeCounter07 SpatiallyLoaded:1 Bounds:IsValid=true, Min=(X=1244.998 Y=6264.200 Z=-0.310), Max=(X=1342.706 Y=6353.471 Z=121.348) RuntimeGrid:None EditorOnly:0 RuntimeOnly:0 HLODRelevant:0
 |   |   |- [+] [ 50]
 |   |   |   |- Guid:13B20AE24B4DEC024C92F4912A23362D BaseClass: NativeClass:/Script/Engine.SkeletalMeshActor Name:SkeletalMeshActor_UAID_B00CD162E1E7315902_1643678144 Label:Anim_DodgeCounter08 SpatiallyLoaded:1 Bounds:IsValid=true, Min=(X=1657.285 Y=6254.196 Z=-0.313), Max=(X=1754.998 Y=6344.005 Z=121.350) RuntimeGrid:None EditorOnly:0 RuntimeOnly:0 HLODRelevant:0
 |   |   |- [+] [ 51]
 |   |   |   |- Guid:2B453D9847E829D445E5B593D7F860DB BaseClass: NativeClass:/Script/Engine.SkeletalMeshActor Name:SkeletalMeshActor_UAID_B00CD162E1E7315902_1649562145 Label:Anim_DodgeCounter09 SpatiallyLoaded:1 Bounds:IsValid=true, Min=(X=473.713 Y=6754.076 Z=-0.405), Max=(X=537.170 Y=6901.197 Z=114.814) RuntimeGrid:None EditorOnly:0 RuntimeOnly:0 HLODRelevant:0
 |   |   |- [+] [ 52]
 |   |   |   |- Guid:F678A60444049A55373BBEA3A457D642 BaseClass: NativeClass:/Script/Engine.SkeletalMeshActor Name:SkeletalMeshActor_UAID_B00CD162E1E7315902_1664439146 Label:Anim_DodgeCounter10 SpatiallyLoaded:1 Bounds:IsValid=true, Min=(X=862.820 Y=6754.077 Z=-0.406), Max=(X=926.312 Y=6900.944 Z=114.813) RuntimeGrid:None EditorOnly:0 RuntimeOnly:0 HLODRelevant:0
 |   |   |- [+] [ 53]
 |   |   |   |- Guid:A771728444CE0A5C79598EAE9B8B6AC3 BaseClass: NativeClass:/Script/Engine.SkeletalMeshActor Name:SkeletalMeshActor_UAID_B00CD162E1E7315902_1666364147 Label:Anim_DodgeCounter11 SpatiallyLoaded:1 Bounds:IsValid=true, Min=(X=1273.713 Y=6764.076 Z=-0.405), Max=(X=1337.170 Y=6911.197 Z=114.814) RuntimeGrid:None EditorOnly:0 RuntimeOnly:0 HLODRelevant:0
 |   |   |- [+] [ 54]
 |   |   |   |- Guid:18F23B4543C73AFD470FE484080E2C73 BaseClass: NativeClass:/Script/Engine.SkeletalMeshActor Name:SkeletalMeshActor_UAID_B00CD162E1E7315902_1669174148 Label:Anim_DodgeCounter12 SpatiallyLoaded:1 Bounds:IsValid=true, Min=(X=1672.834 Y=6754.079 Z=-0.411), Max=(X=1736.292 Y=6900.949 Z=114.813) RuntimeGrid:None EditorOnly:0 RuntimeOnly:0 HLODRelevant:0
 |   |   |- [+] [ 55]
 |   |   |   |- Guid:C74784454CA18693F8E6618FA05C6603 BaseClass: NativeClass:/Script/Engine.SkeletalMeshActor Name:SkeletalMeshActor_UAID_B00CD162E1E7315902_1678348149 Label:Anim_DodgeCounter13 SpatiallyLoaded:1 Bounds:IsValid=true, Min=(X=469.581 Y=7357.697 Z=-0.604), Max=(X=537.460 Y=7493.655 Z=132.050) RuntimeGrid:None EditorOnly:0 RuntimeOnly:0 HLODRelevant:0
 |   |   |- [+] [ 56]
 |   |   |   |- Guid:0111A03546998AD089EB3B9D840CB1B5 BaseClass: NativeClass:/Script/Engine.SkeletalMeshActor Name:SkeletalMeshActor_UAID_B00CD162E1E7315902_1680488150 Label:Anim_DodgeCounter14 SpatiallyLoaded:1 Bounds:IsValid=true, Min=(X=862.545 Y=7357.707 Z=-0.609), Max=(X=930.420 Y=7493.670 Z=132.051) RuntimeGrid:None EditorOnly:0 RuntimeOnly:0 HLODRelevant:0
 |   |   |- [+] [ 57]
 |   |   |   |- Guid:114907E74895525C790663B7205AE049 BaseClass: NativeClass:/Script/Engine.SkeletalMeshActor Name:SkeletalMeshActor_UAID_B00CD162E1E7315902_1682548151 Label:Anim_DodgeCounter15 SpatiallyLoaded:1 Bounds:IsValid=true, Min=(X=1269.581 Y=7357.707 Z=-0.609), Max=(X=1337.461 Y=7493.655 Z=132.050) RuntimeGrid:None EditorOnly:0 RuntimeOnly:0 HLODRelevant:0
 |   |   |- [+] [ 58]
 |   |   |   |- Guid:C1C7504A4242A7C656087785B8B81E61 BaseClass: NativeClass:/Script/Engine.SkeletalMeshActor Name:SkeletalMeshActor_UAID_B00CD162E1E7315902_1685034152 Label:Anim_DodgeCounter16 SpatiallyLoaded:1 Bounds:IsValid=true, Min=(X=1662.547 Y=7357.709 Z=-0.613), Max=(X=1730.423 Y=7493.668 Z=132.053) RuntimeGrid:None EditorOnly:0 RuntimeOnly:0 HLODRelevant:0
 |   |   |- [+] [ 59]
 |   |   |   |- Guid:0A6D6C444E3B81387F83AD8CF5AE2B0A BaseClass: NativeClass:/Script/Engine.SkeletalMeshActor Name:SkeletalMeshActor_UAID_B00CD162E1E7315902_1690388153 Label:Anim_DodgeCounter17 SpatiallyLoaded:1 Bounds:IsValid=true, Min=(X=453.506 Y=7962.774 Z=-0.024), Max=(X=552.756 Y=8050.076 Z=115.067) RuntimeGrid:None EditorOnly:0 RuntimeOnly:0 HLODRelevant:0
 |   |   |- [+] [ 60]
 |   |   |   |- Guid:01ABE1EF460205B105275FA3E74B938A BaseClass: NativeClass:/Script/Engine.SkeletalMeshActor Name:SkeletalMeshActor_UAID_B00CD162E1E7315902_1710395154 Label:Anim_DodgeCounter18 SpatiallyLoaded:1 Bounds:IsValid=true, Min=(X=847.267 Y=7962.759 Z=-0.030), Max=(X=946.931 Y=8050.081 Z=115.067) RuntimeGrid:None EditorOnly:0 RuntimeOnly:0 HLODRelevant:0
 |   |   |- [+] [ 61]
 |   |   |   |- Guid:F224343042AD9A8F241E2D8F0D210B12 BaseClass: NativeClass:/Script/Engine.SkeletalMeshActor Name:SkeletalMeshActor_UAID_B00CD162E1E7315902_1712295155 Label:Anim_DodgeCounter19 SpatiallyLoaded:1 Bounds:IsValid=true, Min=(X=1244.998 Y=7954.200 Z=-0.310), Max=(X=1342.706 Y=8043.472 Z=121.348) RuntimeGrid:None EditorOnly:0 RuntimeOnly:0 HLODRelevant:0
 |   |   |- [+] [ 62]
 |   |   |   |- Guid:3B333CF24548DD3339D2928AAE905B89 BaseClass: NativeClass:/Script/Engine.SkeletalMeshActor Name:SkeletalMeshActor_UAID_B00CD162E1E7315902_1714302156 Label:Anim_DodgeCounter20 SpatiallyLoaded:1 Bounds:IsValid=true, Min=(X=1657.292 Y=7954.196 Z=-0.311), Max=(X=1754.997 Y=8044.007 Z=121.351) RuntimeGrid:None EditorOnly:0 RuntimeOnly:0 HLODRelevant:0
 |   |   |- [+] [ 63]
 |   |   |   |- Guid:D2D9A32A4662B4243F26FAA9C8A11A19 BaseClass: NativeClass:/Script/Engine.SkeletalMeshActor Name:SkeletalMeshActor_UAID_B00CD162E1E7315902_1716940157 Label:Anim_DodgeCounter21 SpatiallyLoaded:1 Bounds:IsValid=true, Min=(X=469.582 Y=8557.707 Z=-0.609), Max=(X=537.461 Y=8693.655 Z=132.050) RuntimeGrid:None EditorOnly:0 RuntimeOnly:0 HLODRelevant:0
 |   |   |- [+] [ 64]
 |   |   |   |- Guid:6B80697C40E43BF592D085B49F153F77 BaseClass: NativeClass:/Script/Engine.SkeletalMeshActor Name:SkeletalMeshActor_UAID_B00CD162E1E7315902_1719520158 Label:Anim_DodgeCounter22 SpatiallyLoaded:1 Bounds:IsValid=true, Min=(X=862.545 Y=8557.708 Z=-0.611), Max=(X=930.420 Y=8693.667 Z=132.053) RuntimeGrid:None EditorOnly:0 RuntimeOnly:0 HLODRelevant:0
 |   |   |- [+] [ 65]
 |   |   |   |- Guid:3E95B7F94DCDDA6A3624759703050A88 BaseClass: NativeClass:/Script/Engine.SkeletalMeshActor Name:SkeletalMeshActor_UAID_B00CD162E1E7315902_1787343159 Label:Anim_GetUp01 SpatiallyLoaded:1 Bounds:IsValid=true, Min=(X=2859.707 Y=490.952 Z=-8.651), Max=(X=2943.806 Y=679.745 Z=38.721) RuntimeGrid:None EditorOnly:0 RuntimeOnly:0 HLODRelevant:0
 |   |   |- [+] [ 66]
 |   |   |   |- Guid:422B209E4572C7AD51F328B4B3EB8A82 BaseClass: NativeClass:/Script/Engine.SkeletalMeshActor Name:SkeletalMeshActor_UAID_B00CD162E1E7315902_1790437160 Label:Anim_GetUp02 SpatiallyLoaded:1 Bounds:IsValid=true, Min=(X=3159.707 Y=480.950 Z=-8.651), Max=(X=3243.806 Y=669.745 Z=38.721) RuntimeGrid:None EditorOnly:0 RuntimeOnly:0 HLODRelevant:0
 |   |   |- [+] [ 67]
 |   |   |   |- Guid:781B0ECD425A2971E5F365B0D6E4D51F BaseClass: NativeClass:/Script/Engine.SkeletalMeshActor Name:SkeletalMeshActor_UAID_B00CD162E1E7315902_1796419161 Label:Anim_GetUp03 SpatiallyLoaded:1 Bounds:IsValid=true, Min=(X=3459.707 Y=470.952 Z=-8.651), Max=(X=3543.806 Y=659.745 Z=38.721) RuntimeGrid:None EditorOnly:0 RuntimeOnly:0 HLODRelevant:0
 |   |   |- [+] [ 68]
 |   |   |   |- Guid:8DB27F154F15350DF7BFBBB79DC32DAA BaseClass: NativeClass:/Script/Engine.SkeletalMeshActor Name:SkeletalMeshActor_UAID_B00CD162E1E7315902_1801793162 Label:Anim_GetUp04 SpatiallyLoaded:1 Bounds:IsValid=true, Min=(X=3759.707 Y=470.952 Z=-8.651), Max=(X=3843.806 Y=659.745 Z=38.721) RuntimeGrid:None EditorOnly:0 RuntimeOnly:0 HLODRelevant:0
 |   |   |- [+] [ 69]
 |   |   |   |- Guid:755DF7104056EE8867A4BF82AA7CF7AF BaseClass: NativeClass:/Script/Engine.SkeletalMeshActor Name:SkeletalMeshActor_UAID_B00CD162E1E7315902_1803906163 Label:Anim_GetUp05 SpatiallyLoaded:1 Bounds:IsValid=true, Min=(X=2857.634 Y=922.923 Z=-2.347), Max=(X=2939.760 Y=1103.795 Z=41.145) RuntimeGrid:None EditorOnly:0 RuntimeOnly:0 HLODRelevant:0
 |   |   |- [+] [ 70]
 |   |   |   |- Guid:4075D68745F3F5F9DBAE8DB87E180057 BaseClass: NativeClass:/Script/Engine.SkeletalMeshActor Name:SkeletalMeshActor_UAID_B00CD162E1E7315902_1806819164 Label:Anim_GetUp06 SpatiallyLoaded:1 Bounds:IsValid=true, Min=(X=3160.500 Y=922.923 Z=-2.323), Max=(X=3242.656 Y=1103.792 Z=41.144) RuntimeGrid:None EditorOnly:0 RuntimeOnly:0 HLODRelevant:0
 |   |   |- [+] [ 71]
 |   |   |   |- Guid:FF6938EE4F927998D1BB058BB66C679B BaseClass: NativeClass:/Script/Engine.SkeletalMeshActor Name:SkeletalMeshActor_UAID_B00CD162E1E7315902_1809211165 Label:Anim_GetUp07 SpatiallyLoaded:1 Bounds:IsValid=true, Min=(X=3457.634 Y=922.923 Z=-2.347), Max=(X=3539.760 Y=1103.795 Z=41.145) RuntimeGrid:None EditorOnly:0 RuntimeOnly:0 HLODRelevant:0
 |   |   |- [+] [ 72]
 |   |   |   |- Guid:E340425D4063B0EB3736DD887B300F9B BaseClass: NativeClass:/Script/Engine.SkeletalMeshActor Name:SkeletalMeshActor_UAID_B00CD162E1E7315902_1811778166 Label:Anim_GetUp08 SpatiallyLoaded:1 Bounds:IsValid=true, Min=(X=3760.505 Y=922.923 Z=-2.320), Max=(X=3842.666 Y=1103.794 Z=41.145) RuntimeGrid:None EditorOnly:0 RuntimeOnly:0 HLODRelevant:0
 |- ContainerInstances:
 |- [+] MainContainer:
 |   |-        ID: 0x0000000000000000
 |   |-    Bounds: IsValid=false, Min=(X=0.000 Y=0.000 Z=0.000), Max=(X=0.000 Y=0.000 Z=0.000)
 |   |- Transform: 0.000000,0.000000,0.000000|0.000000,0.000000,-0.000000|1.000000,1.000000,1.000000
 |   |- Container: /Game/BoxingFightStyle/Maps/ThirdPersonMap
----------------------------------------------------------------------------------------------------------------
ThirdPersonMap - Persistent Level
----------------------------------------------------------------------------------------------------------------
Always loaded Actor Count: 88 

----------------------------------------------------------------------------------------------------------------
ThirdPersonMap - Runtime Spatial Hash - Streaming Grid - MainGrid
----------------------------------------------------------------------------------------------------------------
            Origin: X=0.000 Y=0.000 Z=0.000
         Cell Size: 12800
      World Bounds: IsValid=false, Min=(X=0.000 Y=0.000 Z=0.000), Max=(X=0.000 Y=0.000 Z=0.000)
     Loading Range: 25600.00
Block Slow Loading: No
 ClientOnlyVisible: No

[+] Grid Levels: 1
 |- Level  0: Cell Count    0 | Cell Size   12800 | Actor Count    0 (0.0%)

[+] Content of Grid Level 0

